生成启动时间为 2020/4/16 17:51:10。
     1>项目“C:\Users\58877\Desktop\PSC\test\OCSimulation.vcxproj”在节点 2 上(rebuild 个目标)。
     1>InitializeBuildStatus:
         正在对“Release\OCSimulation.unsuccessfulbuild”执行 Touch 任务。
       ClCompile:
         C:\Program Files (x86)\Microsoft Visual Studio 10.0\VC\bin\CL.exe /c /I.\src\app_oc\ESB /I.\src\app_oc\System /I.\src\app_oc\Switch /I.\src\app_oc\MultSwitch /I.\src\app_oc\PSD /I.\src\app_oc\CommandMan /I.\src\app_oc\ParsePack /I.\src\app_oc\DataConfig /I.\src\app_oc\Common /I.\src\app_oc\ScadeCode /I.\src\ci_comm_lib\common_rssp_record_config /I.\src\ci_comm_lib\common_rssp /I.\src\ci_comm_lib\common_dqu_rssp /I.\src\ci_comm_lib\dqu_idmap_common /I.\src\app_oc\Signal /I.\src\app_oc\QueryFiles /I.\src\ci_comm_lib\rssp_record_cbtc1\rssp_record_config_cbtc /I.\src\ci_comm_lib\rssp2_record_config_cbtc /I.\src\ci_comm_lib\rsspii_cbtc /I.\src\ci_comm_lib\redun_record_cbtc\dqu_rp_cbtc /I.\src\ci_comm_lib\rsr_record_cbtc\rsr_cbtc1\sig /I.\src\ci_comm_lib\sfp_record_cbtc1\dqu_sfp_cbtc /I.\src\ci_comm_lib\redun_record_cbtc\redun_cbtc /I.\src\ci_comm_lib\redun_record_cbtc\redun_record_config_cbtc /I.\src\ci_comm_lib\dqu_rsspii_cbtc /I.\src\ci_comm_lib\rssp_record_cbtc1\dqu_rssp_cbtc /I.\src\ci_comm_lib\rsr_record_cbtc\rsr_record_config_cbtc /I.\src\ci_comm_lib\rsr_record_cbtc\dqu_rsr_cbtc /I.\src\ci_comm_lib\rsr_record_cbtc\rsr_cbtc1\rssp /I.\src\ci_comm_lib\rsr_record_cbtc\rsr_cbtc1 /I.\src\pu_subci_ci\APP\Prtcl\debug_infor /I.\src\app_oc\2oo2 /I.\src\ci_comm_lib\dqu_fsfb_ci_ci2 /I.\src\ci_comm_lib\dqu_cbtc_common /I.\src\ci_comm_lib\dqu_dfs_common /I.\src\ci_comm_lib\dqu_emap_common /I.\src\app_oc\Main /I.\src\main\RecordClass /I.\src\app_oc\Relay /I.\src\ci_comm_lib\protocol_cbtc_cpk_sc /I.\src\ci_comm_lib\fsfb_cbtc_ci_ci2 /I.\src\main\2oo2 /I.\src\PU13_integration_config /I.\src\ci_comm_lib\rssp_record_cbtc1\rssp_cbtc1 /I.\src\ci_comm_lib\sfp_record_cbtc1\sfp_record_config_cbtc /I.\src\ci_comm_lib\dqu_protocol_cbtc_cpk_sc /I.\src\ci_comm_lib\sfp_record_cbtc1\sfp_cbtc /I.\src\ci_comm_lib\commoncode_vxworks\commoncode_config_vxworks /I.\src\main /I.\src\ci_comm_lib\commoncode_vxworks\commoncode_cbtc\common /I".\src\ci_comm_lib\rssp_record_cbtc1\dqu_rssp_cbtc;.\src\ci_comm_lib\rssp_record_cbtc1\rssp_cbtc1;.\src\ci_comm_lib\rssp_record_cbtc1\rssp_record_config_cbtc;.\src\ci_comm_lib\rssp2_record_config_cbtc;.\src\ci_comm_lib\rsspii_cbtc;.\src\ci_comm_lib\sfp_record_cbtc1\dqu_sfp_cbtc;.\src\ci_comm_lib\sfp_record_cbtc1\sfp_record_config_cbtc" /I".\src\ci_comm_lib\dqu_rsspii_cbtc;.\src\ci_comm_lib\fsfb_cbtc_ci_ci2;.\src\ci_comm_lib\protocol_cbtc_cpk_sc;.\src\ci_comm_lib\redun_record_cbtc\dqu_rp_cbtc;.\src\ci_comm_lib\redun_record_cbtc\redun_cbtc;.\src\ci_comm_lib\redun_record_cbtc\redun_record_config_cbtc;.\src\ci_comm_lib\rsr_record_cbtc\dqu_rsr_cbtc;.\src\ci_comm_lib\rsr_record_cbtc\rsr_cbtc1;.\src\ci_comm_lib\rsr_record_cbtc\rsr_record_config_cbtc" /I".\src\Prtcl\rsr_record_cbtc\rsr_record_config_cbtc;.\src\ci_comm_lib\rsspii_cbtc;.\src\ci_comm_lib\dqu_dfs_common;.\src\ci_comm_lib\dqu_cbtc_common;.\src\ci_comm_lib\dqu_emap_common;.\src\ci_comm_lib\dqu_fsfb_ci_ci2;.\src\ci_comm_lib\dqu_protocol_cbtc_cpk_sc" /I".\src\ci_comm_lib\rsr_record_cbtc\rsr_cbtc1\rssp;.\src\ci_comm_lib\rsr_record_cbtc\rsr_cbtc1\sig;.\src\ci_comm_lib\rsr_record_cbtc\rsr_cbtc1\sig;.\src\app_subci_ci\ciapp\Relay;.\src\main\RecordClass;.\src\app_subci_ci\ciapp\System;.\src\app_subci_ci\ciapp\Main;.\src\app_subci_ci\ciapp\2oo" /Zi /nologo /W3 /WX- /MP /Od /Oy- /GL /D WIN32 /D NDEBUG /D _WINDOWS /D _UNICODE /D UNICODE /Gm- /EHsc /MT /GS /Gy /fp:precise /Zc:wchar_t /Zc:forScope /Fo"Release\\" /Fd"Release\vc100.pdb" /Gd /TC /analyze- /errorReport:prompt src\app_oc\MultSwitch\MultSwitchConfigDataManage.c src\app_oc\MultSwitch\MultSwitchDataManage.c src\app_oc\2oo2\2oo2DataTransferManage.c src\app_oc\2oo2\2oo2InterfaceDataManage.c src\app_oc\CommandMan\PointCommandManage.c src\app_oc\common\GLOBALVAR.c src\app_oc\DataConfig\DataConfigure.c src\app_oc\DataManage\DeviceConfigDataManage.c src\app_oc\DataManage\DeviceDataManage.c src\app_oc\ERROR\ErrorDataManage.c src\app_oc\ESB\ESBConfigDataManage.c src\app_oc\ESB\ESBDataManage.c src\app_oc\HLHTMsgHead\HLHTCommonDataPacketHead.c src\app_oc\HLHTMsgHead\HLHTHeadContexManage.c src\app_oc\Indicator\IndicatorConfigDataManage.c src\app_oc\Indicator\IndicatorDataManage.c src\app_oc\Initial\ConfigDataReadManage.c src\app_oc\Initial\InitialProcess.c src\app_oc\Main\MainApp.c src\app_oc\Main\OCmain.c src\app_oc\MultSwitch\MultSwitchConfigDataManage.c src\app_oc\MultSwitch\MultSwitchDataManage.c src\app_oc\ParsePack\ParsePackAtsData.c src\app_oc\ParsePack\ParsePackIoData.c src\app_oc\ParsePack\ParsePackLeuData.c src\app_oc\ParsePack\ParsePackManage.c src\app_oc\ParsePack\ParsePackPlatformData.c src\app_oc\ParsePack\ParsePackTmcData.c src\app_oc\ParsePack\ParsePackVobcData.c src\app_oc\PSD\PSDConfigDataManage.c src\app_oc\PSD\PSDDataManage.c src\app_oc\QueryFiles\commonQueryStruDef.c src\app_oc\QueryFiles\dquCIInit.c src\app_oc\QueryFiles\dquCIInterFace.c src\app_oc\QueryFiles\dquCIJDQStruFrmChar.c src\app_oc\QueryFiles\dquCIJDQStruInit.c src\app_oc\QueryFiles\dquCILSStruFrmChar.c src\app_oc\QueryFiles\dquCILSStruInit.c src\app_oc\QueryFiles\dquCIPZStruFrmChar.c src\app_oc\QueryFiles\dquCIReadCommonChar.c src\app_oc\Relay\RelayConfigDataManage.c src\app_oc\Relay\RelayDataManage.c src\app_oc\ScadeCode\AddLockManage_each_SwitchManage_AddLockManage.c src\app_oc\ScadeCode\AddLock_MultSwitch_C1_MultSwitchManage.c src\app_oc\ScadeCode\AddLock_MultSwitch_C2_MultSwitchManage.c src\app_oc\ScadeCode\AddLock_MultSwitch_C3_MultSwitchManage.c src\app_oc\ScadeCode\AddLock_MultSwitch_MultSwitchManage.c src\app_oc\ScadeCode\ATSDeleteLock_SwitchManage_ATSDeleteLockManage.c src\app_oc\ScadeCode\ATSLockCmdProc_SwitchManage_AddLockManage.c src\app_oc\ScadeCode\ATSLockCmdValidityManage_each_Lock_SwitchCommandInvalidManage.c src\app_oc\ScadeCode\ATSLockDeleteManage_each_SwitchManage_ATSDeleteLockManage.c src\app_oc\ScadeCode\CmdValidityManage_Lock_SwitchCommandInvalidManage.c src\app_oc\ScadeCode\DATrainCmdProc_each_TrainManage.c src\app_oc\ScadeCode\DATrainCmdProc_TrainManage.c src\app_oc\ScadeCode\DeleteLock_MultSwitch_C1_MultSwitchManage.c src\app_oc\ScadeCode\DeleteLock_MultSwitch_C2_MultSwitchManage.c src\app_oc\ScadeCode\DeleteLock_MultSwitch_C3_MultSwitchManage.c src\app_oc\ScadeCode\DeleteLock_MultSwitch_MultSwitchManage.c src\app_oc\ScadeCode\FindHoldTrain_HoldTrainManage.c src\app_oc\ScadeCode\FindInsertIndexByFlag_TrainManage.c src\app_oc\ScadeCode\FindInsertIndexPhySecBlock_PhySecBlockManage.c src\app_oc\ScadeCode\FindSignalSource_SignalCtrl.c src\app_oc\ScadeCode\FindSwitchByATSLockDelCmd_SwitchManage_ATSDeleteLockManage.c src\app_oc\ScadeCode\FindULockFlagFalse_C_MultSwitchManage.c src\app_oc\ScadeCode\FindULockFlagFalse_MultSwitchManage.c src\app_oc\ScadeCode\GetInsertLocation_HoldTrainManage.c src\app_oc\ScadeCode\GetSwitchMoveState_SwitchManage_MoveStateManage.c src\app_oc\ScadeCode\HCOCLockCmdProc_SwitchManage_AddLockManage.c src\app_oc\ScadeCode\HCOCLockCmdValidityManage_each_Lock_SwitchCommandInvalidManage.c src\app_oc\ScadeCode\HoldTrainManage_each_HoldTrainManage.c src\app_oc\ScadeCode\HoldTrainManage_HoldTrainManage.c src\app_oc\ScadeCode\JumpTrainManage_each_JumpTrainManage.c src\app_oc\ScadeCode\JumpTrainManage_JumpTrainManage.c src\app_oc\ScadeCode\kcg_consts.c src\app_oc\ScadeCode\kcg_types.c src\app_oc\ScadeCode\LockCmdIsValidByATS_Lock_SwitchCommandInvalidManage.c src\app_oc\ScadeCode\LockCmdIsValidBySwitch_Lock_SwitchCommandInvalidManage.c src\app_oc\ScadeCode\PhySecBlockManage_each1_PhySecBlockManage.c src\app_oc\ScadeCode\PhySecBlockManage_each2_PhySecBlockManage.c src\app_oc\ScadeCode\PhySecBlockManage_PhySecBlockManage.c src\app_oc\ScadeCode\PowerLockDelManage_PowerLockDeleteManage.c src\app_oc\ScadeCode\RegionBlockManage_RegionBlockManage.c src\app_oc\ScadeCode\ScadeOCPeriodMain.c src\app_oc\ScadeCode\SignalCtrl_SignalCtrl.c src\app_oc\ScadeCode\src\ManualCode.c src\app_oc\ScadeCode\SwitchAddorDelLock_SwitchManage.c src\app_oc\ScadeCode\SwitchCmdValidityManage_each_Lock_SwitchCommandInvalidManage.c src\app_oc\ScadeCode\SwitchManage_each_SwitchManage.c src\app_oc\ScadeCode\SwitchManage_SwitchManage.c src\app_oc\ScadeCode\SwitchNeedMove_SwitchManage_MoveStateManage.c src\app_oc\ScadeCode\SwitchNeedReset_each_SwitchManage.c src\app_oc\ScadeCode\TrainInfoValidManage_TrainManage.c src\app_oc\ScadeCode\TrainIsLCT.c src\app_oc\ScadeCode\TrainIsVT.c src\app_oc\ScadeCode\TrainManage_TrainManage.c src\app_oc\ScadeCode\TSRManage_each_TSRManage.c src\app_oc\ScadeCode\TSRManage_TSRManage.c src\app_oc\ScadeCode\VOBCorTMCLockCmdProc_SwitchManage_AddLockManage.c src\app_oc\ScadeCode\VOBCorTMCLockCmdValidityManage_each_Lock_SwitchCommandInvalidManage.c src\app_oc\Section\AxisSectionConfigDataManage.c src\app_oc\Section\AxisSectionDataManage.c src\app_oc\Section\LogicSectionConfigDataManage.c src\app_oc\Section\LogicSectionDataManage.c src\app_oc\Section\PhysicalSectionConfigDataManage.c src\app_oc\Section\PhysicalSectionDataManage.c src\app_oc\Signal\SignalConfigDataManage.c src\app_oc\Signal\SignalDataManage.c src\app_oc\SPKS\SpksConfigDataManage.c src\app_oc\SPKS\SpksDataManage.c src\app_oc\Switch\SwitchConfigDataManage.c src\app_oc\Switch\SwitchDataManage.c src\app_oc\System\SystemParameterManage.c src\app_oc\Transmit\TransmitStateDataManage.c src\ci_comm_lib\commoncode_vxworks\commoncode_cbtc\common\CbtcVersion.c src\ci_comm_lib\commoncode_vxworks\commoncode_cbtc\common\commonVersion.c src\ci_comm_lib\common_dqu_rssp\dsuRedunFunc.c src\ci_comm_lib\common_dqu_rssp\dsuRsspFunc.c src\ci_comm_lib\common_rssp\RedunInterface.c src\ci_comm_lib\common_rssp\RsspCommonWl.c src\ci_comm_lib\common_rssp\RsspInitWl.c src\ci_comm_lib\common_rssp\RsspLnkNodeMgrWl.c src\ci_comm_lib\common_rssp\RsspOutputWl.c src\ci_comm_lib\common_rssp\RsspReciveWl.c src\ci_comm_lib\common_rssp\RsspTmpMsgLnkCommonWl.c src\ci_comm_lib\common_rssp\RsspWl.c src\ci_comm_lib\dqu_dfs_common\dquCbtcType.c src\ci_comm_lib\dqu_idmap_common\dquIdmapInit.c src\ci_comm_lib\dqu_idmap_common\dquIdmapQuery.c src\ci_comm_lib\dqu_idmap_common\dsuIdmapVar.c src\ci_comm_lib\rsspii_cbtc\CM_Base.c src\ci_comm_lib\rsspii_cbtc\CM_RingQueue.c src\ci_comm_lib\rsspii_cbtc\PrtclBaseParse.c src\ci_comm_lib\rsspii_cbtc\PrtclParseManage.c src\ci_comm_lib\commoncode_vxworks\commoncode_cbtc\common\CommonBit.c src\ci_comm_lib\commoncode_vxworks\commoncode_cbtc\common\CommonCRC.c src\ci_comm_lib\commoncode_vxworks\commoncode_cbtc\common\CommonMemory.c src\ci_comm_lib\commoncode_vxworks\commoncode_cbtc\common\CommonQueue.c src\ci_comm_lib\commoncode_vxworks\commoncode_cbtc\common\CommonRecord.c src\ci_comm_lib\commoncode_vxworks\commoncode_cbtc\common\CommonStack.c src\ci_comm_lib\commoncode_vxworks\commoncode_cbtc\common\Convert.c src\ci_comm_lib\rsspii_cbtc\crc.c src\ci_comm_lib\commoncode_vxworks\commoncode_cbtc\common\CRC16.c src\ci_comm_lib\commoncode_vxworks\commoncode_cbtc\common\CRC32.c src\ci_comm_lib\commoncode_vxworks\commoncode_cbtc\common\DataPackage.c src\ci_comm_lib\rsspii_cbtc\des.c src\ci_comm_lib\dqu_dfs_common\dfsDataRead.c src\ci_comm_lib\dqu_cbtc_common\dquCbtcConfigData.c src\ci_comm_lib\dqu_dfs_common\dquCbtcType.c src\ci_comm_lib\dqu_emap_common\dquEmapInit.c src\ci_comm_lib\dqu_emap_common\dquQuery.c src\ci_comm_lib\dqu_emap_common\dquQueryExp.c src\ci_comm_lib\dqu_emap_common\dquStructInit.c src\ci_comm_lib\dqu_fsfb_ci_ci2\dsuFsfbFunc.c src\ci_comm_lib\dqu_protocol_cbtc_cpk_sc\dsuProtclFun.c src\ci_comm_lib\sfp_record_cbtc1\dqu_sfp_cbtc\dsuRelatedDeal.c src\ci_comm_lib\redun_record_cbtc\dqu_rp_cbtc\dsuRpFunc.c src\ci_comm_lib\rsr_record_cbtc\dqu_rsr_cbtc\dsuRsrFunc.c src\ci_comm_lib\dqu_rsspii_cbtc\dsuRssp2Func.c src\ci_comm_lib\dqu_emap_common\dsuVar.c src\ci_comm_lib\commoncode_vxworks\commoncode_cbtc\common\FFFE.c src\ci_comm_lib\fsfb_cbtc_ci_ci2\FsfbLnkNodeMgr.c src\ci_comm_lib\fsfb_cbtc_ci_ci2\FsfbMessageInfo.c src\ci_comm_lib\fsfb_cbtc_ci_ci2\FsfbProtcl.c src\ci_comm_lib\fsfb_cbtc_ci_ci2\FsfbProtclCommon.c src\ci_comm_lib\protocol_cbtc_cpk_sc\protclInterFun.c src\ci_comm_lib\protocol_cbtc_cpk_sc\ProtclManage.c src\ci_comm_lib\fsfb_cbtc_ci_ci2\RpHandleInterface.c src\ci_comm_lib\redun_record_cbtc\redun_cbtc\RpInterface.c src\ci_comm_lib\rsr_record_cbtc\rsr_cbtc1\Rsr.c src\ci_comm_lib\rsr_record_cbtc\rsr_cbtc1\RsrCommon.c src\ci_comm_lib\rsspii_cbtc\Rssp2.c src\ci_comm_lib\rsspii_cbtc\Rssp2Common.c src\ci_comm_lib\rsspii_cbtc\Rssp2LnkNodeMgr.c src\ci_comm_lib\rsr_record_cbtc\rsr_cbtc1\rssp\RsspCommon.c src\ci_comm_lib\rsr_record_cbtc\rsr_cbtc1\rssp\RsspInit.c src\ci_comm_lib\rsr_record_cbtc\rsr_cbtc1\rssp\RsspLnkNodeMgr.c src\ci_comm_lib\rsr_record_cbtc\rsr_cbtc1\rssp\RsspOutput.c src\ci_comm_lib\rsr_record_cbtc\rsr_cbtc1\rssp\RsspRecive.c src\ci_comm_lib\rsr_record_cbtc\rsr_cbtc1\rssp\RsspTmpMsgLnkCommon.c src\ci_comm_lib\sfp_record_cbtc1\sfp_cbtc\sfpLinkManage.c src\ci_comm_lib\sfp_record_cbtc1\sfp_cbtc\sfpPrtcl_Output.c src\ci_comm_lib\sfp_record_cbtc1\sfp_cbtc\sfpPrtclCommon.c src\ci_comm_lib\sfp_record_cbtc1\sfp_cbtc\sfpPrtclInit.c src\ci_comm_lib\sfp_record_cbtc1\sfp_cbtc\sfpPrtclReceive.c src\ci_comm_lib\sfp_record_cbtc1\sfp_cbtc\sfpWindowsTimeCounter.c src\ci_comm_lib\rsr_record_cbtc\rsr_cbtc1\sig\sigInterface.c src\main\2oo2\simulation2oo2.c src\ci_comm_lib\commoncode_vxworks\commoncode_cbtc\common\Translate0203.c src\ci_comm_lib\commoncode_vxworks\commoncode_cbtc\common\VobcNetPack.c src\pu_subci_ci\APP\Prtcl\debug_infor\vxworks_debug_assistant.c
         MultSwitchConfigDataManage.c
         MultSwitchDataManage.c
         2oo2DataTransferManage.c
         2oo2InterfaceDataManage.c
         PointCommandManage.c
         GLOBALVAR.c
         DataConfigure.c
         DeviceConfigDataManage.c
         DeviceDataManage.c
         ErrorDataManage.c
         ESBConfigDataManage.c
         ESBDataManage.c
         HLHTCommonDataPacketHead.c
     1>C:\Users\58877\Desktop\PSC\test\src\app_oc\ScadeCode\kcg_consts.h(17): warning C4005: “ELEC_UNLOCK”: 宏重定义
                 c:\users\58877\desktop\psc\test\src\app_oc\common\MacDefine.h(282) : 参见“ELEC_UNLOCK”的前一个定义
     1>C:\Users\58877\Desktop\PSC\test\src\app_oc\ScadeCode\kcg_consts.h(62): warning C4005: “SIGNAL_YELLOW”: 宏重定义
                 c:\users\58877\desktop\psc\test\src\app_oc\common\MacDefine.h(320) : 参见“SIGNAL_YELLOW”的前一个定义
     1>C:\Users\58877\Desktop\PSC\test\src\app_oc\ScadeCode\kcg_consts.h(65): warning C4005: “SIGNAL_GREEN”: 宏重定义
                 c:\users\58877\desktop\psc\test\src\app_oc\common\MacDefine.h(321) : 参见“SIGNAL_GREEN”的前一个定义
     1>C:\Users\58877\Desktop\PSC\test\src\app_oc\ScadeCode\kcg_consts.h(161): warning C4005: “LOCK_SIDE”: 宏重定义
                 c:\users\58877\desktop\psc\test\src\app_oc\common\MacDefine.h(324) : 参见“LOCK_SIDE”的前一个定义
     1>C:\Users\58877\Desktop\PSC\test\src\app_oc\ScadeCode\kcg_consts.h(164): warning C4005: “LOCK_MAIN”: 宏重定义
                 c:\users\58877\desktop\psc\test\src\app_oc\common\MacDefine.h(323) : 参见“LOCK_MAIN”的前一个定义
     1>C:\Users\58877\Desktop\PSC\test\src\app_oc\ScadeCode\kcg_consts.h(200): warning C4005: “REGION_BLOCK_RELIEVE”: 宏重定义
                 c:\users\58877\desktop\psc\test\src\app_oc\common\MacDefine.h(286) : 参见“REGION_BLOCK_RELIEVE”的前一个定义
     1>C:\Users\58877\Desktop\PSC\test\src\app_oc\ScadeCode\kcg_consts.h(203): warning C4005: “REGION_BLOCK_SET”: 宏重定义
                 c:\users\58877\desktop\psc\test\src\app_oc\common\MacDefine.h(285) : 参见“REGION_BLOCK_SET”的前一个定义
     1>C:\Users\58877\Desktop\PSC\test\src\app_oc\ScadeCode\kcg_consts.h(215): warning C4005: “SIGNAL_RED”: 宏重定义
                 c:\users\58877\desktop\psc\test\src\app_oc\common\MacDefine.h(319) : 参见“SIGNAL_RED”的前一个定义
     1>C:\Users\58877\Desktop\PSC\test\src\app_oc\ScadeCode\kcg_consts.h(230): warning C4005: “ELEC_LOCK”: 宏重定义
                 c:\users\58877\desktop\psc\test\src\app_oc\common\MacDefine.h(283) : 参见“ELEC_LOCK”的前一个定义
     1>C:\Users\58877\Desktop\PSC\test\src\app_oc\ScadeCode\kcg_consts.h(17): warning C4005: “ELEC_UNLOCK”: 宏重定义
                 c:\users\58877\desktop\psc\test\src\app_oc\common\MacDefine.h(282) : 参见“ELEC_UNLOCK”的前一个定义
     1>C:\Users\58877\Desktop\PSC\test\src\app_oc\ScadeCode\kcg_consts.h(62): warning C4005: “SIGNAL_YELLOW”: 宏重定义
                 c:\users\58877\desktop\psc\test\src\app_oc\common\MacDefine.h(320) : 参见“SIGNAL_YELLOW”的前一个定义
     1>C:\Users\58877\Desktop\PSC\test\src\app_oc\ScadeCode\kcg_consts.h(65): warning C4005: “SIGNAL_GREEN”: 宏重定义
                 c:\users\58877\desktop\psc\test\src\app_oc\common\MacDefine.h(321) : 参见“SIGNAL_GREEN”的前一个定义
     1>C:\Users\58877\Desktop\PSC\test\src\app_oc\ScadeCode\kcg_consts.h(161): warning C4005: “LOCK_SIDE”: 宏重定义
                 c:\users\58877\desktop\psc\test\src\app_oc\common\MacDefine.h(324) : 参见“LOCK_SIDE”的前一个定义
     1>C:\Users\58877\Desktop\PSC\test\src\app_oc\ScadeCode\kcg_consts.h(164): warning C4005: “LOCK_MAIN”: 宏重定义
                 c:\users\58877\desktop\psc\test\src\app_oc\common\MacDefine.h(323) : 参见“LOCK_MAIN”的前一个定义
     1>C:\Users\58877\Desktop\PSC\test\src\app_oc\ScadeCode\kcg_consts.h(200): warning C4005: “REGION_BLOCK_RELIEVE”: 宏重定义
                 c:\users\58877\desktop\psc\test\src\app_oc\common\MacDefine.h(286) : 参见“REGION_BLOCK_RELIEVE”的前一个定义
     1>C:\Users\58877\Desktop\PSC\test\src\app_oc\ScadeCode\kcg_consts.h(203): warning C4005: “REGION_BLOCK_SET”: 宏重定义
                 c:\users\58877\desktop\psc\test\src\app_oc\common\MacDefine.h(285) : 参见“REGION_BLOCK_SET”的前一个定义
     1>C:\Users\58877\Desktop\PSC\test\src\app_oc\ScadeCode\kcg_consts.h(215): warning C4005: “SIGNAL_RED”: 宏重定义
                 c:\users\58877\desktop\psc\test\src\app_oc\common\MacDefine.h(319) : 参见“SIGNAL_RED”的前一个定义
     1>C:\Users\58877\Desktop\PSC\test\src\app_oc\ScadeCode\kcg_consts.h(230): warning C4005: “ELEC_LOCK”: 宏重定义
                 c:\users\58877\desktop\psc\test\src\app_oc\common\MacDefine.h(283) : 参见“ELEC_LOCK”的前一个定义
     1>C:\Users\58877\Desktop\PSC\test\src\app_oc\ScadeCode\kcg_consts.h(17): warning C4005: “ELEC_UNLOCK”: 宏重定义
                 c:\users\58877\desktop\psc\test\src\app_oc\common\MacDefine.h(282) : 参见“ELEC_UNLOCK”的前一个定义
     1>C:\Users\58877\Desktop\PSC\test\src\app_oc\ScadeCode\kcg_consts.h(62): warning C4005: “SIGNAL_YELLOW”: 宏重定义
                 c:\users\58877\desktop\psc\test\src\app_oc\common\MacDefine.h(320) : 参见“SIGNAL_YELLOW”的前一个定义
     1>C:\Users\58877\Desktop\PSC\test\src\app_oc\ScadeCode\kcg_consts.h(65): warning C4005: “SIGNAL_GREEN”: 宏重定义
                 c:\users\58877\desktop\psc\test\src\app_oc\common\MacDefine.h(321) : 参见“SIGNAL_GREEN”的前一个定义
     1>C:\Users\58877\Desktop\PSC\test\src\app_oc\ScadeCode\kcg_consts.h(161): warning C4005: “LOCK_SIDE”: 宏重定义
                 c:\users\58877\desktop\psc\test\src\app_oc\common\MacDefine.h(324) : 参见“LOCK_SIDE”的前一个定义
     1>C:\Users\58877\Desktop\PSC\test\src\app_oc\ScadeCode\kcg_consts.h(164): warning C4005: “LOCK_MAIN”: 宏重定义
                 c:\users\58877\desktop\psc\test\src\app_oc\common\MacDefine.h(323) : 参见“LOCK_MAIN”的前一个定义
     1>C:\Users\58877\Desktop\PSC\test\src\app_oc\ScadeCode\kcg_consts.h(200): warning C4005: “REGION_BLOCK_RELIEVE”: 宏重定义
                 c:\users\58877\desktop\psc\test\src\app_oc\common\MacDefine.h(286) : 参见“REGION_BLOCK_RELIEVE”的前一个定义
     1>C:\Users\58877\Desktop\PSC\test\src\app_oc\ScadeCode\kcg_consts.h(203): warning C4005: “REGION_BLOCK_SET”: 宏重定义
                 c:\users\58877\desktop\psc\test\src\app_oc\common\MacDefine.h(285) : 参见“REGION_BLOCK_SET”的前一个定义
     1>C:\Users\58877\Desktop\PSC\test\src\app_oc\ScadeCode\kcg_consts.h(215): warning C4005: “SIGNAL_RED”: 宏重定义
                 c:\users\58877\desktop\psc\test\src\app_oc\common\MacDefine.h(319) : 参见“SIGNAL_RED”的前一个定义
     1>C:\Users\58877\Desktop\PSC\test\src\app_oc\ScadeCode\kcg_consts.h(230): warning C4005: “ELEC_LOCK”: 宏重定义
                 c:\users\58877\desktop\psc\test\src\app_oc\common\MacDefine.h(283) : 参见“ELEC_LOCK”的前一个定义
     1>src\app_oc\CommandMan\PointCommandManage.c(79): warning C4013: “debug_infor_printf”未定义；假设外部返回 int
         HLHTHeadContexManage.c
         IndicatorConfigDataManage.c
         IndicatorDataManage.c
         ConfigDataReadManage.c
         InitialProcess.c
         MainApp.c
         OCmain.c
         MultSwitchConfigDataManage.c
         MultSwitchDataManage.c
     1>c:\users\58877\desktop\psc\test\src\app_oc\switch\SwitchDefine.h(46): warning C4005: “SWITCH_POSITION_INVALID”: 宏重定义
                 c:\users\58877\desktop\psc\test\src\app_oc\common\MacDefine.h(314) : 参见“SWITCH_POSITION_INVALID”的前一个定义
         ParsePackAtsData.c
     1>src\app_oc\HLHTMsgHead\HLHTHeadContexManage.c(78): warning C4013: “debug_infor_printf”未定义；假设外部返回 int
         ParsePackIoData.c
     1>src\app_oc\HLHTMsgHead\HLHTHeadContexManage.c(494): warning C4013: “memset”未定义；假设外部返回 int
         ParsePackLeuData.c
         ParsePackManage.c
         ParsePackPlatformData.c
     1>src\app_oc\Initial\InitialProcess.c(58): warning C4013: “ReadConfigureData”未定义；假设外部返回 int
         ParsePackTmcData.c
         ParsePackVobcData.c
     1>src\app_oc\HLHTMsgHead\HLHTCommonDataPacketHead.c(94): warning C4101: “emapVer”: 未引用的局部变量
         PSDConfigDataManage.c
         PSDDataManage.c
         commonQueryStruDef.c
     1>c:\users\58877\desktop\psc\test\src\app_oc\common\MacDefine.h(282): warning C4005: “ELEC_UNLOCK”: 宏重定义
                 C:\Users\58877\Desktop\PSC\test\src\app_oc\ScadeCode\kcg_consts.h(17) : 参见“ELEC_UNLOCK”的前一个定义
     1>c:\users\58877\desktop\psc\test\src\app_oc\common\MacDefine.h(283): warning C4005: “ELEC_LOCK”: 宏重定义
                 C:\Users\58877\Desktop\PSC\test\src\app_oc\ScadeCode\kcg_consts.h(230) : 参见“ELEC_LOCK”的前一个定义
     1>c:\users\58877\desktop\psc\test\src\app_oc\common\MacDefine.h(285): warning C4005: “REGION_BLOCK_SET”: 宏重定义
                 C:\Users\58877\Desktop\PSC\test\src\app_oc\ScadeCode\kcg_consts.h(203) : 参见“REGION_BLOCK_SET”的前一个定义
     1>c:\users\58877\desktop\psc\test\src\app_oc\common\MacDefine.h(286): warning C4005: “REGION_BLOCK_RELIEVE”: 宏重定义
                 C:\Users\58877\Desktop\PSC\test\src\app_oc\ScadeCode\kcg_consts.h(200) : 参见“REGION_BLOCK_RELIEVE”的前一个定义
     1>c:\users\58877\desktop\psc\test\src\app_oc\common\MacDefine.h(314): warning C4005: “SWITCH_POSITION_INVALID”: 宏重定义
                 c:\users\58877\desktop\psc\test\src\app_oc\switch\SwitchDefine.h(46) : 参见“SWITCH_POSITION_INVALID”的前一个定义
     1>c:\users\58877\desktop\psc\test\src\app_oc\common\MacDefine.h(319): warning C4005: “SIGNAL_RED”: 宏重定义
                 C:\Users\58877\Desktop\PSC\test\src\app_oc\ScadeCode\kcg_consts.h(215) : 参见“SIGNAL_RED”的前一个定义
     1>c:\users\58877\desktop\psc\test\src\app_oc\common\MacDefine.h(320): warning C4005: “SIGNAL_YELLOW”: 宏重定义
                 C:\Users\58877\Desktop\PSC\test\src\app_oc\ScadeCode\kcg_consts.h(62) : 参见“SIGNAL_YELLOW”的前一个定义
     1>c:\users\58877\desktop\psc\test\src\app_oc\common\MacDefine.h(321): warning C4005: “SIGNAL_GREEN”: 宏重定义
                 C:\Users\58877\Desktop\PSC\test\src\app_oc\ScadeCode\kcg_consts.h(65) : 参见“SIGNAL_GREEN”的前一个定义
     1>c:\users\58877\desktop\psc\test\src\app_oc\common\MacDefine.h(323): warning C4005: “LOCK_MAIN”: 宏重定义
                 C:\Users\58877\Desktop\PSC\test\src\app_oc\ScadeCode\kcg_consts.h(164) : 参见“LOCK_MAIN”的前一个定义
     1>c:\users\58877\desktop\psc\test\src\app_oc\common\MacDefine.h(324): warning C4005: “LOCK_SIDE”: 宏重定义
                 C:\Users\58877\Desktop\PSC\test\src\app_oc\ScadeCode\kcg_consts.h(161) : 参见“LOCK_SIDE”的前一个定义
     1>C:\Users\58877\Desktop\PSC\test\src\app_oc\ScadeCode\FindInsertIndexByFlag_TrainManage.h : warning C4819: 该文件包含不能在当前代码页(936)中表示的字符。请将该文件保存为 Unicode 格式以防止数据丢失
     1>src\app_oc\ParsePack\ParsePackIoData.c(36): warning C4305: “初始化”: 从“int”到“UINT16”截断
     1>src\app_oc\ParsePack\ParsePackIoData.c(110): warning C4013: “debug_infor_printf”未定义；假设外部返回 int
     1>src\app_oc\ParsePack\ParsePackIoData.c(281): warning C4244: “=”: 从“UINT16”转换到“UINT8”，可能丢失数据
     1>src\app_oc\ParsePack\ParsePackIoData.c(450): warning C4013: “debug_out_array”未定义；假设外部返回 int
     1>c:\users\58877\desktop\psc\test\src\app_oc\common\MacDefine.h(282): warning C4005: “ELEC_UNLOCK”: 宏重定义
                 C:\Users\58877\Desktop\PSC\test\src\app_oc\ScadeCode\kcg_consts.h(17) : 参见“ELEC_UNLOCK”的前一个定义
     1>c:\users\58877\desktop\psc\test\src\app_oc\common\MacDefine.h(283): warning C4005: “ELEC_LOCK”: 宏重定义
                 C:\Users\58877\Desktop\PSC\test\src\app_oc\ScadeCode\kcg_consts.h(230) : 参见“ELEC_LOCK”的前一个定义
     1>c:\users\58877\desktop\psc\test\src\app_oc\common\MacDefine.h(285): warning C4005: “REGION_BLOCK_SET”: 宏重定义
                 C:\Users\58877\Desktop\PSC\test\src\app_oc\ScadeCode\kcg_consts.h(203) : 参见“REGION_BLOCK_SET”的前一个定义
     1>c:\users\58877\desktop\psc\test\src\app_oc\common\MacDefine.h(286): warning C4005: “REGION_BLOCK_RELIEVE”: 宏重定义
                 C:\Users\58877\Desktop\PSC\test\src\app_oc\ScadeCode\kcg_consts.h(200) : 参见“REGION_BLOCK_RELIEVE”的前一个定义
     1>c:\users\58877\desktop\psc\test\src\app_oc\common\MacDefine.h(314): warning C4005: “SWITCH_POSITION_INVALID”: 宏重定义
                 c:\users\58877\desktop\psc\test\src\app_oc\switch\SwitchDefine.h(46) : 参见“SWITCH_POSITION_INVALID”的前一个定义
     1>c:\users\58877\desktop\psc\test\src\app_oc\common\MacDefine.h(319): warning C4005: “SIGNAL_RED”: 宏重定义
                 C:\Users\58877\Desktop\PSC\test\src\app_oc\ScadeCode\kcg_consts.h(215) : 参见“SIGNAL_RED”的前一个定义
     1>c:\users\58877\desktop\psc\test\src\app_oc\common\MacDefine.h(320): warning C4005: “SIGNAL_YELLOW”: 宏重定义
                 C:\Users\58877\Desktop\PSC\test\src\app_oc\ScadeCode\kcg_consts.h(62) : 参见“SIGNAL_YELLOW”的前一个定义
     1>c:\users\58877\desktop\psc\test\src\app_oc\common\MacDefine.h(321): warning C4005: “SIGNAL_GREEN”: 宏重定义
                 C:\Users\58877\Desktop\PSC\test\src\app_oc\ScadeCode\kcg_consts.h(65) : 参见“SIGNAL_GREEN”的前一个定义
     1>c:\users\58877\desktop\psc\test\src\app_oc\common\MacDefine.h(323): warning C4005: “LOCK_MAIN”: 宏重定义
                 C:\Users\58877\Desktop\PSC\test\src\app_oc\ScadeCode\kcg_consts.h(164) : 参见“LOCK_MAIN”的前一个定义
     1>c:\users\58877\desktop\psc\test\src\app_oc\common\MacDefine.h(324): warning C4005: “LOCK_SIDE”: 宏重定义
                 C:\Users\58877\Desktop\PSC\test\src\app_oc\ScadeCode\kcg_consts.h(161) : 参见“LOCK_SIDE”的前一个定义
         dquCIInit.c
     1>src\app_oc\Initial\ConfigDataReadManage.c(99): warning C4133: “函数”: 从“SwitchConfigDataStruct [80]”到“MultSwitchConfigDataStruct *”的类型不兼容
     1>src\app_oc\ParsePack\ParsePackAtsData.c(193): warning C4013: “debug_infor_printf”未定义；假设外部返回 int
     1>src\app_oc\ParsePack\ParsePackAtsData.c(780): warning C4244: “=”: 从“kcg_uint16”转换到“UINT8”，可能丢失数据
         dquCIInterFace.c
     1>src\app_oc\ParsePack\ParsePackAtsData.c(827): warning C4244: “=”: 从“kcg_uint16”转换到“UINT8”，可能丢失数据
     1>src\app_oc\ParsePack\ParsePackAtsData.c(844): warning C4244: “=”: 从“kcg_uint16”转换到“UINT8”，可能丢失数据
     1>src\app_oc\ParsePack\ParsePackAtsData.c(865): warning C4244: “=”: 从“kcg_uint16”转换到“UINT8”，可能丢失数据
     1>src\app_oc\ParsePack\ParsePackAtsData.c(879): warning C4244: “=”: 从“kcg_uint16”转换到“UINT8”，可能丢失数据
     1>src\app_oc\ParsePack\ParsePackAtsData.c(893): warning C4244: “=”: 从“kcg_uint16”转换到“UINT8”，可能丢失数据
     1>src\app_oc\ParsePack\ParsePackAtsData.c(921): warning C4244: “=”: 从“kcg_uint16”转换到“UINT8”，可能丢失数据
     1>src\app_oc\ParsePack\ParsePackAtsData.c(955): warning C4244: “=”: 从“UINT16”转换到“UINT8”，可能丢失数据
     1>src\app_oc\ParsePack\ParsePackAtsData.c(1110): warning C4013: “debug_out_array”未定义；假设外部返回 int
     1>src\app_oc\ParsePack\ParsePackAtsData.c(1431): warning C4013: “CommonMemCpy”未定义；假设外部返回 int
         dquCIJDQStruFrmChar.c
         dquCIJDQStruInit.c
     1>src\app_oc\ParsePack\ParsePackPlatformData.c(371): warning C4013: “debug_infor_printf”未定义；假设外部返回 int
     1>src\app_oc\ParsePack\ParsePackPlatformData.c(372): warning C4013: “debug_out_array”未定义；假设外部返回 int
         dquCILSStruFrmChar.c
         dquCILSStruInit.c
         dquCIPZStruFrmChar.c
     1>src\app_oc\ParsePack\ParsePackManage.c(84): warning C4013: “memset”未定义；假设外部返回 int
     1>src\app_oc\ParsePack\ParsePackManage.c(112): warning C4013: “debug_out_array_for_lw_and_ats”未定义；假设外部返回 int
     1>src\app_oc\ParsePack\ParsePackManage.c(287): warning C4101: “IsSameLine”: 未引用的局部变量
         dquCIReadCommonChar.c
     1>C:\Users\58877\Desktop\PSC\test\src\app_oc\ScadeCode\kcg_consts.h(17): warning C4005: “ELEC_UNLOCK”: 宏重定义
                 c:\users\58877\desktop\psc\test\src\app_oc\common\MacDefine.h(282) : 参见“ELEC_UNLOCK”的前一个定义
     1>C:\Users\58877\Desktop\PSC\test\src\app_oc\ScadeCode\kcg_consts.h(62): warning C4005: “SIGNAL_YELLOW”: 宏重定义
                 c:\users\58877\desktop\psc\test\src\app_oc\common\MacDefine.h(320) : 参见“SIGNAL_YELLOW”的前一个定义
     1>C:\Users\58877\Desktop\PSC\test\src\app_oc\ScadeCode\kcg_consts.h(65): warning C4005: “SIGNAL_GREEN”: 宏重定义
                 c:\users\58877\desktop\psc\test\src\app_oc\common\MacDefine.h(321) : 参见“SIGNAL_GREEN”的前一个定义
     1>C:\Users\58877\Desktop\PSC\test\src\app_oc\ScadeCode\kcg_consts.h(161): warning C4005: “LOCK_SIDE”: 宏重定义
                 c:\users\58877\desktop\psc\test\src\app_oc\common\MacDefine.h(324) : 参见“LOCK_SIDE”的前一个定义
     1>C:\Users\58877\Desktop\PSC\test\src\app_oc\ScadeCode\kcg_consts.h(164): warning C4005: “LOCK_MAIN”: 宏重定义
                 c:\users\58877\desktop\psc\test\src\app_oc\common\MacDefine.h(323) : 参见“LOCK_MAIN”的前一个定义
     1>C:\Users\58877\Desktop\PSC\test\src\app_oc\ScadeCode\kcg_consts.h(200): warning C4005: “REGION_BLOCK_RELIEVE”: 宏重定义
                 c:\users\58877\desktop\psc\test\src\app_oc\common\MacDefine.h(286) : 参见“REGION_BLOCK_RELIEVE”的前一个定义
     1>C:\Users\58877\Desktop\PSC\test\src\app_oc\ScadeCode\kcg_consts.h(203): warning C4005: “REGION_BLOCK_SET”: 宏重定义
                 c:\users\58877\desktop\psc\test\src\app_oc\common\MacDefine.h(285) : 参见“REGION_BLOCK_SET”的前一个定义
     1>C:\Users\58877\Desktop\PSC\test\src\app_oc\ScadeCode\kcg_consts.h(215): warning C4005: “SIGNAL_RED”: 宏重定义
                 c:\users\58877\desktop\psc\test\src\app_oc\common\MacDefine.h(319) : 参见“SIGNAL_RED”的前一个定义
     1>C:\Users\58877\Desktop\PSC\test\src\app_oc\ScadeCode\kcg_consts.h(230): warning C4005: “ELEC_LOCK”: 宏重定义
                 c:\users\58877\desktop\psc\test\src\app_oc\common\MacDefine.h(283) : 参见“ELEC_LOCK”的前一个定义
     1>c:\users\58877\desktop\psc\test\src\app_oc\scadecode\FindInsertIndexPhySecBlock_PhySecBlockManage.h : warning C4819: 该文件包含不能在当前代码页(936)中表示的字符。请将该文件保存为 Unicode 格式以防止数据丢失
         RelayConfigDataManage.c
     1>C:\Users\58877\Desktop\PSC\test\src\app_oc\ScadeCode\kcg_consts.h(221): warning C4005: “TMC_ID”: 宏重定义
                 c:\users\58877\desktop\psc\test\src\app_oc\parsepack\ParsePackTmcData.h(37) : 参见“TMC_ID”的前一个定义
     1>C:\Users\58877\Desktop\PSC\test\src\app_oc\ScadeCode\FindInsertIndexByFlag_TrainManage.h : warning C4819: 该文件包含不能在当前代码页(936)中表示的字符。请将该文件保存为 Unicode 格式以防止数据丢失
         RelayDataManage.c
     1>c:\users\58877\desktop\psc\test\src\app_oc\common\MacDefine.h(282): warning C4005: “ELEC_UNLOCK”: 宏重定义
                 C:\Users\58877\Desktop\PSC\test\src\app_oc\ScadeCode\kcg_consts.h(17) : 参见“ELEC_UNLOCK”的前一个定义
     1>c:\users\58877\desktop\psc\test\src\app_oc\common\MacDefine.h(283): warning C4005: “ELEC_LOCK”: 宏重定义
                 C:\Users\58877\Desktop\PSC\test\src\app_oc\ScadeCode\kcg_consts.h(230) : 参见“ELEC_LOCK”的前一个定义
     1>c:\users\58877\desktop\psc\test\src\app_oc\common\MacDefine.h(285): warning C4005: “REGION_BLOCK_SET”: 宏重定义
                 C:\Users\58877\Desktop\PSC\test\src\app_oc\ScadeCode\kcg_consts.h(203) : 参见“REGION_BLOCK_SET”的前一个定义
     1>c:\users\58877\desktop\psc\test\src\app_oc\common\MacDefine.h(286): warning C4005: “REGION_BLOCK_RELIEVE”: 宏重定义
                 C:\Users\58877\Desktop\PSC\test\src\app_oc\ScadeCode\kcg_consts.h(200) : 参见“REGION_BLOCK_RELIEVE”的前一个定义
     1>c:\users\58877\desktop\psc\test\src\app_oc\common\MacDefine.h(314): warning C4005: “SWITCH_POSITION_INVALID”: 宏重定义
                 c:\users\58877\desktop\psc\test\src\app_oc\switch\SwitchDefine.h(46) : 参见“SWITCH_POSITION_INVALID”的前一个定义
     1>c:\users\58877\desktop\psc\test\src\app_oc\common\MacDefine.h(319): warning C4005: “SIGNAL_RED”: 宏重定义
                 C:\Users\58877\Desktop\PSC\test\src\app_oc\ScadeCode\kcg_consts.h(215) : 参见“SIGNAL_RED”的前一个定义
     1>c:\users\58877\desktop\psc\test\src\app_oc\common\MacDefine.h(320): warning C4005: “SIGNAL_YELLOW”: 宏重定义
                 C:\Users\58877\Desktop\PSC\test\src\app_oc\ScadeCode\kcg_consts.h(62) : 参见“SIGNAL_YELLOW”的前一个定义
     1>c:\users\58877\desktop\psc\test\src\app_oc\common\MacDefine.h(321): warning C4005: “SIGNAL_GREEN”: 宏重定义
                 C:\Users\58877\Desktop\PSC\test\src\app_oc\ScadeCode\kcg_consts.h(65) : 参见“SIGNAL_GREEN”的前一个定义
     1>c:\users\58877\desktop\psc\test\src\app_oc\common\MacDefine.h(323): warning C4005: “LOCK_MAIN”: 宏重定义
                 C:\Users\58877\Desktop\PSC\test\src\app_oc\ScadeCode\kcg_consts.h(164) : 参见“LOCK_MAIN”的前一个定义
     1>c:\users\58877\desktop\psc\test\src\app_oc\common\MacDefine.h(324): warning C4005: “LOCK_SIDE”: 宏重定义
                 C:\Users\58877\Desktop\PSC\test\src\app_oc\ScadeCode\kcg_consts.h(161) : 参见“LOCK_SIDE”的前一个定义
     1>C:\Users\58877\Desktop\PSC\test\src\app_oc\ScadeCode\FindInsertIndexByFlag_TrainManage.h : warning C4819: 该文件包含不能在当前代码页(936)中表示的字符。请将该文件保存为 Unicode 格式以防止数据丢失
     1>c:\users\58877\desktop\psc\test\src\app_oc\scadecode\PowerLockDelManage_PowerLockDeleteManage.h : warning C4819: 该文件包含不能在当前代码页(936)中表示的字符。请将该文件保存为 Unicode 格式以防止数据丢失
     1>src\app_oc\QueryFiles\dquCIInit.c(155): warning C4101: “pDataAddr”: 未引用的局部变量
     1>src\app_oc\QueryFiles\dquCIInit.c(156): warning C4101: “DataSize”: 未引用的局部变量
     1>c:\users\58877\desktop\psc\test\src\app_oc\scadecode\DATrainCmdProc_TrainManage.h : warning C4819: 该文件包含不能在当前代码页(936)中表示的字符。请将该文件保存为 Unicode 格式以防止数据丢失
     1>C:\Users\58877\Desktop\PSC\test\src\app_oc\ScadeCode\TrainIsVT.h : warning C4819: 该文件包含不能在当前代码页(936)中表示的字符。请将该文件保存为 Unicode 格式以防止数据丢失
     1>c:\users\58877\desktop\psc\test\src\app_oc\common\MacDefine.h(282): warning C4005: “ELEC_UNLOCK”: 宏重定义
                 C:\Users\58877\Desktop\PSC\test\src\app_oc\ScadeCode\kcg_consts.h(17) : 参见“ELEC_UNLOCK”的前一个定义
     1>c:\users\58877\desktop\psc\test\src\app_oc\common\MacDefine.h(283): warning C4005: “ELEC_LOCK”: 宏重定义
                 C:\Users\58877\Desktop\PSC\test\src\app_oc\ScadeCode\kcg_consts.h(230) : 参见“ELEC_LOCK”的前一个定义
     1>c:\users\58877\desktop\psc\test\src\app_oc\common\MacDefine.h(285): warning C4005: “REGION_BLOCK_SET”: 宏重定义
                 C:\Users\58877\Desktop\PSC\test\src\app_oc\ScadeCode\kcg_consts.h(203) : 参见“REGION_BLOCK_SET”的前一个定义
     1>c:\users\58877\desktop\psc\test\src\app_oc\common\MacDefine.h(286): warning C4005: “REGION_BLOCK_RELIEVE”: 宏重定义
                 C:\Users\58877\Desktop\PSC\test\src\app_oc\ScadeCode\kcg_consts.h(200) : 参见“REGION_BLOCK_RELIEVE”的前一个定义
     1>c:\users\58877\desktop\psc\test\src\app_oc\common\MacDefine.h(314): warning C4005: “SWITCH_POSITION_INVALID”: 宏重定义
                 c:\users\58877\desktop\psc\test\src\app_oc\switch\SwitchDefine.h(46) : 参见“SWITCH_POSITION_INVALID”的前一个定义
     1>c:\users\58877\desktop\psc\test\src\app_oc\common\MacDefine.h(319): warning C4005: “SIGNAL_RED”: 宏重定义
                 C:\Users\58877\Desktop\PSC\test\src\app_oc\ScadeCode\kcg_consts.h(215) : 参见“SIGNAL_RED”的前一个定义
     1>c:\users\58877\desktop\psc\test\src\app_oc\common\MacDefine.h(320): warning C4005: “SIGNAL_YELLOW”: 宏重定义
                 C:\Users\58877\Desktop\PSC\test\src\app_oc\ScadeCode\kcg_consts.h(62) : 参见“SIGNAL_YELLOW”的前一个定义
     1>c:\users\58877\desktop\psc\test\src\app_oc\common\MacDefine.h(321): warning C4005: “SIGNAL_GREEN”: 宏重定义
                 C:\Users\58877\Desktop\PSC\test\src\app_oc\ScadeCode\kcg_consts.h(65) : 参见“SIGNAL_GREEN”的前一个定义
     1>c:\users\58877\desktop\psc\test\src\app_oc\common\MacDefine.h(323): warning C4005: “LOCK_MAIN”: 宏重定义
                 C:\Users\58877\Desktop\PSC\test\src\app_oc\ScadeCode\kcg_consts.h(164) : 参见“LOCK_MAIN”的前一个定义
     1>c:\users\58877\desktop\psc\test\src\app_oc\common\MacDefine.h(324): warning C4005: “LOCK_SIDE”: 宏重定义
                 C:\Users\58877\Desktop\PSC\test\src\app_oc\ScadeCode\kcg_consts.h(161) : 参见“LOCK_SIDE”的前一个定义
     1>c:\users\58877\desktop\psc\test\src\app_oc\scadecode\DATrainCmdProc_each_TrainManage.h : warning C4819: 该文件包含不能在当前代码页(936)中表示的字符。请将该文件保存为 Unicode 格式以防止数据丢失
     1>c:\users\58877\desktop\psc\test\src\app_oc\scadecode\TrainInfoValidManage_TrainManage.h : warning C4819: 该文件包含不能在当前代码页(936)中表示的字符。请将该文件保存为 Unicode 格式以防止数据丢失
     1>src\app_oc\QueryFiles\dquCIInit.c(778): warning C4244: “=”: 从“UINT16”转换到“UINT8”，可能丢失数据
     1>src\app_oc\ParsePack\ParsePackTmcData.c(185): warning C4013: “debug_infor_printf”未定义；假设外部返回 int
     1>c:\users\58877\desktop\psc\test\src\app_oc\scadecode\SwitchManage_each_SwitchManage.h : warning C4819: 该文件包含不能在当前代码页(936)中表示的字符。请将该文件保存为 Unicode 格式以防止数据丢失
     1>src\app_oc\ParsePack\ParsePackTmcData.c(571): warning C4305: “函数”: 从“kcg_uint16”到“const UINT8”截断
     1>src\app_oc\ParsePack\ParsePackTmcData.c(572): warning C4305: “函数”: 从“kcg_uint16”到“const UINT8”截断
     1>src\app_oc\ParsePack\ParsePackTmcData.c(593): warning C4305: “函数”: 从“kcg_uint16”到“const UINT8”截断
     1>src\app_oc\ParsePack\ParsePackTmcData.c(596): warning C4305: “函数”: 从“kcg_uint16”到“const UINT8”截断
     1>src\app_oc\ParsePack\ParsePackTmcData.c(692): warning C4244: “=”: 从“kcg_uint16”转换到“UINT8”，可能丢失数据
     1>C:\Users\58877\Desktop\PSC\test\src\app_oc\ScadeCode\TrainIsVT.h : warning C4819: 该文件包含不能在当前代码页(936)中表示的字符。请将该文件保存为 Unicode 格式以防止数据丢失
     1>c:\users\58877\desktop\psc\test\src\app_oc\scadecode\HCOCLockCmdProc_SwitchManage_AddLockManage.h : warning C4819: 该文件包含不能在当前代码页(936)中表示的字符。请将该文件保存为 Unicode 格式以防止数据丢失
     1>src\app_oc\ParsePack\ParsePackTmcData.c(950): warning C4244: “=”: 从“kcg_uint16”转换到“UINT8”，可能丢失数据
     1>src\app_oc\ParsePack\ParsePackTmcData.c(974): warning C4244: “=”: 从“kcg_uint16”转换到“UINT8”，可能丢失数据
     1>c:\users\58877\desktop\psc\test\src\app_oc\scadecode\VOBCorTMCLockCmdProc_SwitchManage_AddLockManage.h : warning C4819: 该文件包含不能在当前代码页(936)中表示的字符。请将该文件保存为 Unicode 格式以防止数据丢失
     1>src\app_oc\ParsePack\ParsePackTmcData.c(999): warning C4244: “=”: 从“kcg_uint16”转换到“UINT8”，可能丢失数据
     1>src\app_oc\ParsePack\ParsePackTmcData.c(1014): warning C4244: “=”: 从“kcg_uint16”转换到“UINT8”，可能丢失数据
     1>src\app_oc\ParsePack\ParsePackTmcData.c(1077): warning C4244: “=”: 从“kcg_uint16”转换到“UINT8”，可能丢失数据
     1>src\app_oc\ParsePack\ParsePackTmcData.c(1117): warning C4013: “debug_out_array”未定义；假设外部返回 int
     1>src\app_oc\ParsePack\ParsePackTmcData.c(547): warning C4101: “bUCTType”: 未引用的局部变量
     1>src\app_oc\ParsePack\ParsePackTmcData.c(546): warning C4101: “bIsUCT”: 未引用的局部变量
     1>src\app_oc\ParsePack\ParsePackTmcData.c(545): warning C4101: “tmpUCTNumOutIndex”: 未引用的局部变量
     1>c:\users\58877\desktop\psc\test\src\app_oc\scadecode\ATSLockCmdProc_SwitchManage_AddLockManage.h : warning C4819: 该文件包含不能在当前代码页(936)中表示的字符。请将该文件保存为 Unicode 格式以防止数据丢失
     1>src\app_oc\ParsePack\ParsePackVobcData.c(235): warning C4244: “=”: 从“kcg_uint16”转换到“UINT8”，可能丢失数据
     1>c:\users\58877\desktop\psc\test\src\app_oc\scadecode\RegionBlockManage_RegionBlockManage.h : warning C4819: 该文件包含不能在当前代码页(936)中表示的字符。请将该文件保存为 Unicode 格式以防止数据丢失
     1>src\app_oc\ParsePack\ParsePackVobcData.c(449): warning C4013: “debug_infor_printf”未定义；假设外部返回 int
     1>src\app_oc\ParsePack\ParsePackVobcData.c(473): warning C4244: “=”: 从“kcg_int32”转换到“UINT8”，可能丢失数据
         AddLockManage_each_SwitchManage_AddLockManage.c
     1>src\app_oc\ParsePack\ParsePackVobcData.c(1041): warning C4244: “=”: 从“kcg_uint16”转换到“UINT8”，可能丢失数据
     1>src\app_oc\ParsePack\ParsePackVobcData.c(1075): warning C4244: “=”: 从“kcg_uint16”转换到“UINT8”，可能丢失数据
     1>src\app_oc\ParsePack\ParsePackVobcData.c(1090): warning C4244: “=”: 从“kcg_uint16”转换到“UINT8”，可能丢失数据
     1>src\app_oc\ParsePack\ParsePackVobcData.c(1135): warning C4244: “=”: 从“UINT16”转换到“UINT8”，可能丢失数据
         AddLock_MultSwitch_C1_MultSwitchManage.c
     1>src\app_oc\ParsePack\ParsePackVobcData.c(1331): warning C4244: “=”: 从“kcg_uint16”转换到“UINT8”，可能丢失数据
     1>src\app_oc\ParsePack\ParsePackVobcData.c(1356): warning C4244: “=”: 从“kcg_uint16”转换到“UINT8”，可能丢失数据
     1>src\app_oc\Main\OCmain.c(41): warning C4101: “Ret”: 未引用的局部变量
     1>src\app_oc\ParsePack\ParsePackVobcData.c(1452): warning C4013: “debug_out_array”未定义；假设外部返回 int
     1>src\app_oc\ParsePack\ParsePackVobcData.c(911): warning C4101: “bUCTType”: 未引用的局部变量
     1>src\app_oc\ParsePack\ParsePackVobcData.c(909): warning C4101: “wUCTNum”: 未引用的局部变量
         AddLock_MultSwitch_C2_MultSwitchManage.c
         AddLock_MultSwitch_C3_MultSwitchManage.c
         AddLock_MultSwitch_MultSwitchManage.c
     1>c:\users\58877\desktop\psc\test\src\app_oc\scadecode\HCOCLockCmdProc_SwitchManage_AddLockManage.h : warning C4819: 该文件包含不能在当前代码页(936)中表示的字符。请将该文件保存为 Unicode 格式以防止数据丢失
     1>c:\users\58877\desktop\psc\test\src\app_oc\scadecode\VOBCorTMCLockCmdProc_SwitchManage_AddLockManage.h : warning C4819: 该文件包含不能在当前代码页(936)中表示的字符。请将该文件保存为 Unicode 格式以防止数据丢失
     1>c:\users\58877\desktop\psc\test\src\app_oc\scadecode\ATSLockCmdProc_SwitchManage_AddLockManage.h : warning C4819: 该文件包含不能在当前代码页(936)中表示的字符。请将该文件保存为 Unicode 格式以防止数据丢失
         ATSDeleteLock_SwitchManage_ATSDeleteLockManage.c
         ATSLockCmdProc_SwitchManage_AddLockManage.c
         ATSLockCmdValidityManage_each_Lock_SwitchCommandInvalidManage.c
         ATSLockDeleteManage_each_SwitchManage_ATSDeleteLockManage.c
     1>src\app_oc\ScadeCode\ATSLockCmdProc_SwitchManage_AddLockManage.c : warning C4819: 该文件包含不能在当前代码页(936)中表示的字符。请将该文件保存为 Unicode 格式以防止数据丢失
         CmdValidityManage_Lock_SwitchCommandInvalidManage.c
         DATrainCmdProc_each_TrainManage.c
     1>src\app_oc\ScadeCode\DATrainCmdProc_each_TrainManage.c : warning C4819: 该文件包含不能在当前代码页(936)中表示的字符。请将该文件保存为 Unicode 格式以防止数据丢失
         DATrainCmdProc_TrainManage.c
         DeleteLock_MultSwitch_C1_MultSwitchManage.c
     1>src\app_oc\ScadeCode\DATrainCmdProc_TrainManage.c : warning C4819: 该文件包含不能在当前代码页(936)中表示的字符。请将该文件保存为 Unicode 格式以防止数据丢失
     1>c:\users\58877\desktop\psc\test\src\app_oc\scadecode\ATSLockCmdProc_SwitchManage_AddLockManage.h : warning C4819: 该文件包含不能在当前代码页(936)中表示的字符。请将该文件保存为 Unicode 格式以防止数据丢失
         DeleteLock_MultSwitch_C2_MultSwitchManage.c
         DeleteLock_MultSwitch_C3_MultSwitchManage.c
         DeleteLock_MultSwitch_MultSwitchManage.c
     1>c:\users\58877\desktop\psc\test\src\app_oc\scadecode\DATrainCmdProc_each_TrainManage.h : warning C4819: 该文件包含不能在当前代码页(936)中表示的字符。请将该文件保存为 Unicode 格式以防止数据丢失
         FindHoldTrain_HoldTrainManage.c
         FindInsertIndexByFlag_TrainManage.c
     1>c:\users\58877\desktop\psc\test\src\app_oc\scadecode\DATrainCmdProc_TrainManage.h : warning C4819: 该文件包含不能在当前代码页(936)中表示的字符。请将该文件保存为 Unicode 格式以防止数据丢失
     1>c:\users\58877\desktop\psc\test\src\app_oc\scadecode\DATrainCmdProc_each_TrainManage.h : warning C4819: 该文件包含不能在当前代码页(936)中表示的字符。请将该文件保存为 Unicode 格式以防止数据丢失
     1>src\app_oc\ScadeCode\FindInsertIndexByFlag_TrainManage.c : warning C4819: 该文件包含不能在当前代码页(936)中表示的字符。请将该文件保存为 Unicode 格式以防止数据丢失
         FindInsertIndexPhySecBlock_PhySecBlockManage.c
         FindSignalSource_SignalCtrl.c
     1>src\app_oc\ScadeCode\FindInsertIndexPhySecBlock_PhySecBlockManage.c : warning C4819: 该文件包含不能在当前代码页(936)中表示的字符。请将该文件保存为 Unicode 格式以防止数据丢失
         FindSwitchByATSLockDelCmd_SwitchManage_ATSDeleteLockManage.c
         FindULockFlagFalse_C_MultSwitchManage.c
         FindULockFlagFalse_MultSwitchManage.c
         GetInsertLocation_HoldTrainManage.c
         GetSwitchMoveState_SwitchManage_MoveStateManage.c
         HCOCLockCmdProc_SwitchManage_AddLockManage.c
     1>c:\users\58877\desktop\psc\test\src\app_oc\scadecode\FindInsertIndexByFlag_TrainManage.h : warning C4819: 该文件包含不能在当前代码页(936)中表示的字符。请将该文件保存为 Unicode 格式以防止数据丢失
     1>src\app_oc\ScadeCode\HCOCLockCmdProc_SwitchManage_AddLockManage.c : warning C4819: 该文件包含不能在当前代码页(936)中表示的字符。请将该文件保存为 Unicode 格式以防止数据丢失
         HCOCLockCmdValidityManage_each_Lock_SwitchCommandInvalidManage.c
     1>c:\users\58877\desktop\psc\test\src\app_oc\scadecode\FindInsertIndexPhySecBlock_PhySecBlockManage.h : warning C4819: 该文件包含不能在当前代码页(936)中表示的字符。请将该文件保存为 Unicode 格式以防止数据丢失
         HoldTrainManage_each_HoldTrainManage.c
         HoldTrainManage_HoldTrainManage.c
         JumpTrainManage_each_JumpTrainManage.c
         JumpTrainManage_JumpTrainManage.c
         kcg_consts.c
         kcg_types.c
         LockCmdIsValidByATS_Lock_SwitchCommandInvalidManage.c
     1>c:\users\58877\desktop\psc\test\src\app_oc\scadecode\HCOCLockCmdProc_SwitchManage_AddLockManage.h : warning C4819: 该文件包含不能在当前代码页(936)中表示的字符。请将该文件保存为 Unicode 格式以防止数据丢失
         LockCmdIsValidBySwitch_Lock_SwitchCommandInvalidManage.c
         PhySecBlockManage_each1_PhySecBlockManage.c
         PhySecBlockManage_each2_PhySecBlockManage.c
         PhySecBlockManage_PhySecBlockManage.c
         PowerLockDelManage_PowerLockDeleteManage.c
         RegionBlockManage_RegionBlockManage.c
         ScadeOCPeriodMain.c
         SignalCtrl_SignalCtrl.c
     1>src\app_oc\ScadeCode\PowerLockDelManage_PowerLockDeleteManage.c : warning C4819: 该文件包含不能在当前代码页(936)中表示的字符。请将该文件保存为 Unicode 格式以防止数据丢失
     1>src\app_oc\ScadeCode\RegionBlockManage_RegionBlockManage.c : warning C4819: 该文件包含不能在当前代码页(936)中表示的字符。请将该文件保存为 Unicode 格式以防止数据丢失
         ManualCode.c
         SwitchAddorDelLock_SwitchManage.c
         SwitchCmdValidityManage_each_Lock_SwitchCommandInvalidManage.c
     1>c:\users\58877\desktop\psc\test\src\app_oc\scadecode\FindInsertIndexPhySecBlock_PhySecBlockManage.h : warning C4819: 该文件包含不能在当前代码页(936)中表示的字符。请将该文件保存为 Unicode 格式以防止数据丢失
         SwitchManage_each_SwitchManage.c
         SwitchManage_SwitchManage.c
         SwitchNeedMove_SwitchManage_MoveStateManage.c
     1>c:\users\58877\desktop\psc\test\src\app_oc\scadecode\FindInsertIndexPhySecBlock_PhySecBlockManage.h : warning C4819: 该文件包含不能在当前代码页(936)中表示的字符。请将该文件保存为 Unicode 格式以防止数据丢失
     1>src\app_oc\ScadeCode\SwitchManage_each_SwitchManage.c : warning C4819: 该文件包含不能在当前代码页(936)中表示的字符。请将该文件保存为 Unicode 格式以防止数据丢失
     1>c:\users\58877\desktop\psc\test\src\app_oc\scadecode\PowerLockDelManage_PowerLockDeleteManage.h : warning C4819: 该文件包含不能在当前代码页(936)中表示的字符。请将该文件保存为 Unicode 格式以防止数据丢失
     1>c:\users\58877\desktop\psc\test\src\app_oc\scadecode\RegionBlockManage_RegionBlockManage.h : warning C4819: 该文件包含不能在当前代码页(936)中表示的字符。请将该文件保存为 Unicode 格式以防止数据丢失
         SwitchNeedReset_each_SwitchManage.c
     1>c:\users\58877\desktop\psc\test\src\app_oc\scadecode\FindInsertIndexPhySecBlock_PhySecBlockManage.h : warning C4819: 该文件包含不能在当前代码页(936)中表示的字符。请将该文件保存为 Unicode 格式以防止数据丢失
         TrainInfoValidManage_TrainManage.c
     1>c:\users\58877\desktop\psc\test\src\app_oc\scadecode\HCOCLockCmdProc_SwitchManage_AddLockManage.h : warning C4819: 该文件包含不能在当前代码页(936)中表示的字符。请将该文件保存为 Unicode 格式以防止数据丢失
     1>c:\users\58877\desktop\psc\test\src\app_oc\scadecode\VOBCorTMCLockCmdProc_SwitchManage_AddLockManage.h : warning C4819: 该文件包含不能在当前代码页(936)中表示的字符。请将该文件保存为 Unicode 格式以防止数据丢失
     1>c:\users\58877\desktop\psc\test\src\app_oc\scadecode\ATSLockCmdProc_SwitchManage_AddLockManage.h : warning C4819: 该文件包含不能在当前代码页(936)中表示的字符。请将该文件保存为 Unicode 格式以防止数据丢失
         TrainIsLCT.c
     1>src\app_oc\ScadeCode\TrainInfoValidManage_TrainManage.c : warning C4819: 该文件包含不能在当前代码页(936)中表示的字符。请将该文件保存为 Unicode 格式以防止数据丢失
         TrainIsVT.c
         TrainManage_TrainManage.c
     1>c:\users\58877\desktop\psc\test\src\app_oc\scadecode\SwitchManage_each_SwitchManage.h : warning C4819: 该文件包含不能在当前代码页(936)中表示的字符。请将该文件保存为 Unicode 格式以防止数据丢失
         TSRManage_each_TSRManage.c
     1>src\app_oc\ScadeCode\TrainIsVT.c : warning C4819: 该文件包含不能在当前代码页(936)中表示的字符。请将该文件保存为 Unicode 格式以防止数据丢失
     1>c:\users\58877\desktop\psc\test\src\app_oc\scadecode\PowerLockDelManage_PowerLockDeleteManage.h : warning C4819: 该文件包含不能在当前代码页(936)中表示的字符。请将该文件保存为 Unicode 格式以防止数据丢失
     1>c:\users\58877\desktop\psc\test\src\app_oc\scadecode\SwitchManage_each_SwitchManage.h : warning C4819: 该文件包含不能在当前代码页(936)中表示的字符。请将该文件保存为 Unicode 格式以防止数据丢失
     1>c:\users\58877\desktop\psc\test\src\app_oc\scadecode\HCOCLockCmdProc_SwitchManage_AddLockManage.h : warning C4819: 该文件包含不能在当前代码页(936)中表示的字符。请将该文件保存为 Unicode 格式以防止数据丢失
     1>c:\users\58877\desktop\psc\test\src\app_oc\scadecode\VOBCorTMCLockCmdProc_SwitchManage_AddLockManage.h : warning C4819: 该文件包含不能在当前代码页(936)中表示的字符。请将该文件保存为 Unicode 格式以防止数据丢失
     1>c:\users\58877\desktop\psc\test\src\app_oc\scadecode\DATrainCmdProc_TrainManage.h : warning C4819: 该文件包含不能在当前代码页(936)中表示的字符。请将该文件保存为 Unicode 格式以防止数据丢失
     1>c:\users\58877\desktop\psc\test\src\app_oc\scadecode\ATSLockCmdProc_SwitchManage_AddLockManage.h : warning C4819: 该文件包含不能在当前代码页(936)中表示的字符。请将该文件保存为 Unicode 格式以防止数据丢失
     1>c:\users\58877\desktop\psc\test\src\app_oc\scadecode\DATrainCmdProc_each_TrainManage.h : warning C4819: 该文件包含不能在当前代码页(936)中表示的字符。请将该文件保存为 Unicode 格式以防止数据丢失
     1>c:\users\58877\desktop\psc\test\src\app_oc\scadecode\TrainInfoValidManage_TrainManage.h : warning C4819: 该文件包含不能在当前代码页(936)中表示的字符。请将该文件保存为 Unicode 格式以防止数据丢失
         TSRManage_TSRManage.c
     1>c:\users\58877\desktop\psc\test\src\app_oc\scadecode\HCOCLockCmdProc_SwitchManage_AddLockManage.h : warning C4819: 该文件包含不能在当前代码页(936)中表示的字符。请将该文件保存为 Unicode 格式以防止数据丢失
     1>c:\users\58877\desktop\psc\test\src\app_oc\scadecode\SwitchManage_each_SwitchManage.h : warning C4819: 该文件包含不能在当前代码页(936)中表示的字符。请将该文件保存为 Unicode 格式以防止数据丢失
     1>c:\users\58877\desktop\psc\test\src\app_oc\scadecode\VOBCorTMCLockCmdProc_SwitchManage_AddLockManage.h : warning C4819: 该文件包含不能在当前代码页(936)中表示的字符。请将该文件保存为 Unicode 格式以防止数据丢失
     1>c:\users\58877\desktop\psc\test\src\app_oc\scadecode\ATSLockCmdProc_SwitchManage_AddLockManage.h : warning C4819: 该文件包含不能在当前代码页(936)中表示的字符。请将该文件保存为 Unicode 格式以防止数据丢失
         VOBCorTMCLockCmdProc_SwitchManage_AddLockManage.c
         VOBCorTMCLockCmdValidityManage_each_Lock_SwitchCommandInvalidManage.c
     1>c:\users\58877\desktop\psc\test\src\app_oc\scadecode\TrainInfoValidManage_TrainManage.h : warning C4819: 该文件包含不能在当前代码页(936)中表示的字符。请将该文件保存为 Unicode 格式以防止数据丢失
     1>c:\users\58877\desktop\psc\test\src\app_oc\scadecode\HCOCLockCmdProc_SwitchManage_AddLockManage.h : warning C4819: 该文件包含不能在当前代码页(936)中表示的字符。请将该文件保存为 Unicode 格式以防止数据丢失
     1>c:\users\58877\desktop\psc\test\src\app_oc\scadecode\VOBCorTMCLockCmdProc_SwitchManage_AddLockManage.h : warning C4819: 该文件包含不能在当前代码页(936)中表示的字符。请将该文件保存为 Unicode 格式以防止数据丢失
     1>c:\users\58877\desktop\psc\test\src\app_oc\scadecode\ATSLockCmdProc_SwitchManage_AddLockManage.h : warning C4819: 该文件包含不能在当前代码页(936)中表示的字符。请将该文件保存为 Unicode 格式以防止数据丢失
     1>src\app_oc\ScadeCode\VOBCorTMCLockCmdProc_SwitchManage_AddLockManage.c : warning C4819: 该文件包含不能在当前代码页(936)中表示的字符。请将该文件保存为 Unicode 格式以防止数据丢失
     1>c:\users\58877\desktop\psc\test\src\app_oc\scadecode\RegionBlockManage_RegionBlockManage.h : warning C4819: 该文件包含不能在当前代码页(936)中表示的字符。请将该文件保存为 Unicode 格式以防止数据丢失
         AxisSectionConfigDataManage.c
         AxisSectionDataManage.c
         LogicSectionConfigDataManage.c
     1>c:\users\58877\desktop\psc\test\src\app_oc\scadecode\DATrainCmdProc_TrainManage.h : warning C4819: 该文件包含不能在当前代码页(936)中表示的字符。请将该文件保存为 Unicode 格式以防止数据丢失
         LogicSectionDataManage.c
     1>c:\users\58877\desktop\psc\test\src\app_oc\scadecode\DATrainCmdProc_each_TrainManage.h : warning C4819: 该文件包含不能在当前代码页(936)中表示的字符。请将该文件保存为 Unicode 格式以防止数据丢失
     1>c:\users\58877\desktop\psc\test\src\app_oc\scadecode\TrainIsVT.h : warning C4819: 该文件包含不能在当前代码页(936)中表示的字符。请将该文件保存为 Unicode 格式以防止数据丢失
     1>c:\users\58877\desktop\psc\test\src\app_oc\scadecode\TrainInfoValidManage_TrainManage.h : warning C4819: 该文件包含不能在当前代码页(936)中表示的字符。请将该文件保存为 Unicode 格式以防止数据丢失
         PhysicalSectionConfigDataManage.c
         PhysicalSectionDataManage.c
         SignalConfigDataManage.c
     1>c:\users\58877\desktop\psc\test\src\app_oc\scadecode\VOBCorTMCLockCmdProc_SwitchManage_AddLockManage.h : warning C4819: 该文件包含不能在当前代码页(936)中表示的字符。请将该文件保存为 Unicode 格式以防止数据丢失
         SignalDataManage.c
         SpksConfigDataManage.c
         SpksDataManage.c
     1>c:\users\58877\desktop\psc\test\src\app_oc\scadecode\FindInsertIndexPhySecBlock_PhySecBlockManage.h : warning C4819: 该文件包含不能在当前代码页(936)中表示的字符。请将该文件保存为 Unicode 格式以防止数据丢失
     1>c:\users\58877\desktop\psc\test\src\app_oc\scadecode\PowerLockDelManage_PowerLockDeleteManage.h : warning C4819: 该文件包含不能在当前代码页(936)中表示的字符。请将该文件保存为 Unicode 格式以防止数据丢失
     1>c:\users\58877\desktop\psc\test\src\app_oc\scadecode\DATrainCmdProc_TrainManage.h : warning C4819: 该文件包含不能在当前代码页(936)中表示的字符。请将该文件保存为 Unicode 格式以防止数据丢失
     1>c:\users\58877\desktop\psc\test\src\app_oc\scadecode\DATrainCmdProc_each_TrainManage.h : warning C4819: 该文件包含不能在当前代码页(936)中表示的字符。请将该文件保存为 Unicode 格式以防止数据丢失
     1>c:\users\58877\desktop\psc\test\src\app_oc\scadecode\TrainInfoValidManage_TrainManage.h : warning C4819: 该文件包含不能在当前代码页(936)中表示的字符。请将该文件保存为 Unicode 格式以防止数据丢失
     1>c:\users\58877\desktop\psc\test\src\app_oc\scadecode\SwitchManage_each_SwitchManage.h : warning C4819: 该文件包含不能在当前代码页(936)中表示的字符。请将该文件保存为 Unicode 格式以防止数据丢失
     1>c:\users\58877\desktop\psc\test\src\app_oc\scadecode\HCOCLockCmdProc_SwitchManage_AddLockManage.h : warning C4819: 该文件包含不能在当前代码页(936)中表示的字符。请将该文件保存为 Unicode 格式以防止数据丢失
     1>c:\users\58877\desktop\psc\test\src\app_oc\scadecode\VOBCorTMCLockCmdProc_SwitchManage_AddLockManage.h : warning C4819: 该文件包含不能在当前代码页(936)中表示的字符。请将该文件保存为 Unicode 格式以防止数据丢失
     1>c:\users\58877\desktop\psc\test\src\app_oc\scadecode\ATSLockCmdProc_SwitchManage_AddLockManage.h : warning C4819: 该文件包含不能在当前代码页(936)中表示的字符。请将该文件保存为 Unicode 格式以防止数据丢失
     1>c:\users\58877\desktop\psc\test\src\app_oc\scadecode\RegionBlockManage_RegionBlockManage.h : warning C4819: 该文件包含不能在当前代码页(936)中表示的字符。请将该文件保存为 Unicode 格式以防止数据丢失
     1>C:\Users\58877\Desktop\PSC\test\src\app_oc\ScadeCode\kcg_consts.h(221): warning C4005: “TMC_ID”: 宏重定义
                 c:\users\58877\desktop\psc\test\src\app_oc\parsepack\./ParsePackTmcData.h(37) : 参见“TMC_ID”的前一个定义
     1>C:\Users\58877\Desktop\PSC\test\src\app_oc\ScadeCode\FindInsertIndexByFlag_TrainManage.h : warning C4819: 该文件包含不能在当前代码页(936)中表示的字符。请将该文件保存为 Unicode 格式以防止数据丢失
     1>c:\users\58877\desktop\psc\test\src\app_oc\common\MacDefine.h(282): warning C4005: “ELEC_UNLOCK”: 宏重定义
                 C:\Users\58877\Desktop\PSC\test\src\app_oc\ScadeCode\kcg_consts.h(17) : 参见“ELEC_UNLOCK”的前一个定义
     1>c:\users\58877\desktop\psc\test\src\app_oc\common\MacDefine.h(283): warning C4005: “ELEC_LOCK”: 宏重定义
                 C:\Users\58877\Desktop\PSC\test\src\app_oc\ScadeCode\kcg_consts.h(230) : 参见“ELEC_LOCK”的前一个定义
     1>c:\users\58877\desktop\psc\test\src\app_oc\common\MacDefine.h(285): warning C4005: “REGION_BLOCK_SET”: 宏重定义
                 C:\Users\58877\Desktop\PSC\test\src\app_oc\ScadeCode\kcg_consts.h(203) : 参见“REGION_BLOCK_SET”的前一个定义
     1>c:\users\58877\desktop\psc\test\src\app_oc\common\MacDefine.h(286): warning C4005: “REGION_BLOCK_RELIEVE”: 宏重定义
                 C:\Users\58877\Desktop\PSC\test\src\app_oc\ScadeCode\kcg_consts.h(200) : 参见“REGION_BLOCK_RELIEVE”的前一个定义
     1>c:\users\58877\desktop\psc\test\src\app_oc\common\MacDefine.h(314): warning C4005: “SWITCH_POSITION_INVALID”: 宏重定义
                 c:\users\58877\desktop\psc\test\src\app_oc\switch\SwitchDefine.h(46) : 参见“SWITCH_POSITION_INVALID”的前一个定义
     1>c:\users\58877\desktop\psc\test\src\app_oc\common\MacDefine.h(319): warning C4005: “SIGNAL_RED”: 宏重定义
                 C:\Users\58877\Desktop\PSC\test\src\app_oc\ScadeCode\kcg_consts.h(215) : 参见“SIGNAL_RED”的前一个定义
     1>c:\users\58877\desktop\psc\test\src\app_oc\common\MacDefine.h(320): warning C4005: “SIGNAL_YELLOW”: 宏重定义
                 C:\Users\58877\Desktop\PSC\test\src\app_oc\ScadeCode\kcg_consts.h(62) : 参见“SIGNAL_YELLOW”的前一个定义
     1>c:\users\58877\desktop\psc\test\src\app_oc\common\MacDefine.h(321): warning C4005: “SIGNAL_GREEN”: 宏重定义
                 C:\Users\58877\Desktop\PSC\test\src\app_oc\ScadeCode\kcg_consts.h(65) : 参见“SIGNAL_GREEN”的前一个定义
     1>c:\users\58877\desktop\psc\test\src\app_oc\common\MacDefine.h(323): warning C4005: “LOCK_MAIN”: 宏重定义
                 C:\Users\58877\Desktop\PSC\test\src\app_oc\ScadeCode\kcg_consts.h(164) : 参见“LOCK_MAIN”的前一个定义
     1>c:\users\58877\desktop\psc\test\src\app_oc\common\MacDefine.h(324): warning C4005: “LOCK_SIDE”: 宏重定义
                 C:\Users\58877\Desktop\PSC\test\src\app_oc\ScadeCode\kcg_consts.h(161) : 参见“LOCK_SIDE”的前一个定义
     1>src\app_oc\Main\MainApp.c(58): warning C4013: “debug_infor_printf”未定义；假设外部返回 int
         SwitchConfigDataManage.c
         SwitchDataManage.c
         SystemParameterManage.c
         TransmitStateDataManage.c
         CbtcVersion.c
         commonVersion.c
         dsuRedunFunc.c
     1>src\ci_comm_lib\commoncode_vxworks\commoncode_cbtc\common\commonVersion.c(24): warning C4090: “return”: 不同的“const”限定符
         dsuRsspFunc.c
         RedunInterface.c
     1>src\app_oc\Section\PhysicalSectionDataManage.c(1964): warning C4013: “GetRelayCollState”未定义；假设外部返回 int
     1>src\app_oc\Section\PhysicalSectionDataManage.c(2007): warning C4013: “GetLogSecOccupyState”未定义；假设外部返回 int
         RsspCommonWl.c
         RsspInitWl.c
         RsspLnkNodeMgrWl.c
         RsspOutputWl.c
         RsspReciveWl.c
         RsspTmpMsgLnkCommonWl.c
         RsspWl.c
         dquCbtcType.c
         dquIdmapInit.c
         dquIdmapQuery.c
         dsuIdmapVar.c
         CM_Base.c
         CM_RingQueue.c
         PrtclBaseParse.c
         PrtclParseManage.c
         CommonBit.c
         CommonCRC.c
         CommonMemory.c
         CommonQueue.c
         CommonRecord.c
         CommonStack.c
     1>src\ci_comm_lib\dqu_idmap_common\dquIdmapQuery.c(1270): warning C4013: “memcpy”未定义；假设外部返回 int
         Convert.c
         crc.c
         CRC16.c
         CRC32.c
         DataPackage.c
         des.c
         dfsDataRead.c
         dquCbtcConfigData.c
         dquCbtcType.c
         dquEmapInit.c
         dquQuery.c
         dquQueryExp.c
         dquStructInit.c
         dsuFsfbFunc.c
         dsuProtclFun.c
     1>src\ci_comm_lib\dqu_emap_common\dquQuery.c(494): warning C4047: “函数”:“const UINT16”与“DSU_EMAP_STRU *”的间接级别不同
     1>src\ci_comm_lib\dqu_emap_common\dquQuery.c(494): warning C4024: “dsuCheckArStopOnLink”: 形参和实参 1 的类型不同
     1>src\ci_comm_lib\dqu_emap_common\dquQuery.c(494): warning C4047: “函数”:“UINT8 *”与“const UINT16”的间接级别不同
     1>src\ci_comm_lib\dqu_emap_common\dquQuery.c(494): warning C4024: “dsuCheckArStopOnLink”: 形参和实参 2 的类型不同
     1>src\ci_comm_lib\dqu_emap_common\dquQuery.c(494): warning C4020: “dsuCheckArStopOnLink”: 实参太多
     1>src\ci_comm_lib\dqu_dfs_common\dfsDataRead.c(164): warning C4996: 'fopen': This function or variable may be unsafe. Consider using fopen_s instead. To disable deprecation, use _CRT_SECURE_NO_WARNINGS. See online help for details.
                 C:\Program Files (x86)\Microsoft Visual Studio 10.0\VC\include\stdio.h(234) : 参见“fopen”的声明
     1>src\ci_comm_lib\dqu_dfs_common\dfsDataRead.c(334): warning C4101: “dh”: 未引用的局部变量
     1>src\ci_comm_lib\dqu_dfs_common\dfsDataRead.c(326): warning C4101: “pfile”: 未引用的局部变量
     1>src\ci_comm_lib\dqu_dfs_common\dfsDataRead.c(323): warning C4101: “CRCresult”: 未引用的局部变量
     1>src\ci_comm_lib\dqu_emap_common\dquStructInit.c(1992): warning C4244: “=”: 从“UINT16”转换到“UINT8”，可能丢失数据
     1>src\ci_comm_lib\dqu_emap_common\dquStructInit.c(2013): warning C4244: “=”: 从“UINT16”转换到“UINT8”，可能丢失数据
     1>src\ci_comm_lib\dqu_emap_common\dquStructInit.c(2055): warning C4244: “=”: 从“UINT16”转换到“UINT8”，可能丢失数据
         dsuRelatedDeal.c
         dsuRpFunc.c
         dsuRsrFunc.c
         dsuRssp2Func.c
     1>src\ci_comm_lib\dqu_emap_common\dquQueryExp.c(3189): warning C4244: “=”: 从“FLOAT32”转换到“UINT16”，可能丢失数据
     1>src\ci_comm_lib\dqu_emap_common\dquQueryExp.c(5962): warning C4244: “=”: 从“UINT16”转换到“UINT8”，可能丢失数据
     1>src\ci_comm_lib\dqu_emap_common\dquQueryExp.c(6070): warning C4244: “=”: 从“UINT16”转换到“UINT8”，可能丢失数据
     1>src\ci_comm_lib\dqu_emap_common\dquQueryExp.c(7419): warning C4018: “>=”: 有符号/无符号不匹配
     1>src\ci_comm_lib\dqu_emap_common\dquQueryExp.c(7506): warning C4018: “>=”: 有符号/无符号不匹配
     1>src\ci_comm_lib\dqu_emap_common\dquQueryExp.c(8134): warning C4013: “RemoveRep”未定义；假设外部返回 int
     1>src\ci_comm_lib\dqu_emap_common\dquQueryExp.c(8155): warning C4047: “!=”:“void *”与“int”的间接级别不同
     1>src\ci_comm_lib\dqu_fsfb_ci_ci2\dsuFsfbFunc.c(254): warning C4101: “j”: 未引用的局部变量
     1>src\ci_comm_lib\dqu_emap_common\dquEmapInit.c(1134): warning C4047: “初始化”:“UINT16”与“void *”的间接级别不同
         dsuVar.c
         FFFE.c
         FsfbLnkNodeMgr.c
     1>src\ci_comm_lib\dqu_emap_common\dquEmapInit.c(3190): warning C4101: “pLinkStru2”: 未引用的局部变量
     1>src\ci_comm_lib\dqu_emap_common\dquEmapInit.c(3190): warning C4101: “pLinkStru1”: 未引用的局部变量
     1>src\ci_comm_lib\dqu_emap_common\dquEmapInit.c(4962): warning C4101: “includeLinkId”: 未引用的局部变量
     1>src\ci_comm_lib\dqu_emap_common\dquEmapInit.c(14026): warning C4244: “函数”: 从“UINT16”转换到“UINT8”，可能丢失数据
         FsfbMessageInfo.c
         FsfbProtcl.c
         FsfbProtclCommon.c
         protclInterFun.c
         ProtclManage.c
         RpHandleInterface.c
         RpInterface.c
         Rsr.c
         RsrCommon.c
     1>src\ci_comm_lib\fsfb_cbtc_ci_ci2\FsfbProtcl.c(850): warning C4133: “函数”: 从“Fsfb_Lnk_Info_Node_Stru *”到“UINT8 *”的类型不兼容
         Rssp2.c
         Rssp2Common.c
         Rssp2LnkNodeMgr.c
         RsspCommon.c
         RsspInit.c
     1>src\ci_comm_lib\redun_record_cbtc\redun_cbtc\RpInterface.c(890): warning C4101: “RpGetLnkInfoRet”: 未引用的局部变量
         RsspLnkNodeMgr.c
         RsspOutput.c
         RsspRecive.c
         RsspTmpMsgLnkCommon.c
         sfpLinkManage.c
         sfpPrtcl_Output.c
         sfpPrtclCommon.c
         sfpPrtclInit.c
         sfpPrtclReceive.c
         sfpWindowsTimeCounter.c
         sigInterface.c
         simulation2oo2.c
         Translate0203.c
         VobcNetPack.c
         vxworks_debug_assistant.c
     1>src\pu_subci_ci\APP\Prtcl\debug_infor\vxworks_debug_assistant.c(593): warning C4244: “=”: 从“unsigned long”转换到“char”，可能丢失数据
     1>src\pu_subci_ci\APP\Prtcl\debug_infor\vxworks_debug_assistant.c(631): warning C4244: “=”: 从“unsigned long”转换到“char”，可能丢失数据
     1>src\pu_subci_ci\APP\Prtcl\debug_infor\vxworks_debug_assistant.c(637): warning C4244: “=”: 从“unsigned long”转换到“char”，可能丢失数据
     1>src\pu_subci_ci\APP\Prtcl\debug_infor\vxworks_debug_assistant.c(643): warning C4244: “=”: 从“unsigned long”转换到“char”，可能丢失数据
     1>src\pu_subci_ci\APP\Prtcl\debug_infor\vxworks_debug_assistant.c(683): warning C4244: “return”: 从“short”转换到“char”，可能丢失数据
     1>src\ci_comm_lib\protocol_cbtc_cpk_sc\ProtclManage.c(3338): warning C4013: “GetRpErrorInfo”未定义；假设外部返回 int
     1>src\ci_comm_lib\protocol_cbtc_cpk_sc\ProtclManage.c(3360): warning C4013: “ReSetRpErrorInfo”未定义；假设外部返回 int
     1>src\ci_comm_lib\sfp_record_cbtc1\sfp_cbtc\sfpPrtclCommon.c(326): warning C4047: “==”:“UINT32”与“void *”的间接级别不同
     1>src\ci_comm_lib\sfp_record_cbtc1\sfp_cbtc\sfpPrtclCommon.c(346): warning C4047: “!=”:“UINT32”与“void *”的间接级别不同
     1>src\ci_comm_lib\sfp_record_cbtc1\sfp_cbtc\sfpPrtclCommon.c(349): warning C4047: “=”:“UINT32”与“void *”的间接级别不同
     1>src\ci_comm_lib\sfp_record_cbtc1\sfp_cbtc\sfpPrtclCommon.c(357): warning C4047: “!=”:“UINT32”与“void *”的间接级别不同
     1>src\ci_comm_lib\sfp_record_cbtc1\sfp_cbtc\sfpPrtclCommon.c(360): warning C4047: “=”:“UINT32”与“void *”的间接级别不同
     1>src\ci_comm_lib\sfp_record_cbtc1\sfp_cbtc\sfpPrtclCommon.c(371): warning C4047: “==”:“UINT32”与“void *”的间接级别不同
     1>src\ci_comm_lib\sfp_record_cbtc1\sfp_cbtc\sfpPrtclCommon.c(390): warning C4047: “!=”:“UINT32”与“void *”的间接级别不同
     1>src\ci_comm_lib\sfp_record_cbtc1\sfp_cbtc\sfpPrtclCommon.c(393): warning C4047: “=”:“UINT32”与“void *”的间接级别不同
     1>src\ci_comm_lib\sfp_record_cbtc1\sfp_cbtc\sfpPrtclInit.c(77): warning C4090: “函数”: 不同的“const”限定符
         C:\Program Files (x86)\Microsoft Visual Studio 10.0\VC\bin\CL.exe /c /I.\src\app_oc\ESB /I.\src\app_oc\System /I.\src\app_oc\Switch /I.\src\app_oc\MultSwitch /I.\src\app_oc\PSD /I.\src\app_oc\CommandMan /I.\src\app_oc\ParsePack /I.\src\app_oc\DataConfig /I.\src\app_oc\Common /I.\src\app_oc\ScadeCode /I.\src\ci_comm_lib\common_rssp_record_config /I.\src\ci_comm_lib\common_rssp /I.\src\ci_comm_lib\common_dqu_rssp /I.\src\ci_comm_lib\dqu_idmap_common /I.\src\app_oc\Signal /I.\src\app_oc\QueryFiles /I.\src\ci_comm_lib\rssp_record_cbtc1\rssp_record_config_cbtc /I.\src\ci_comm_lib\rssp2_record_config_cbtc /I.\src\ci_comm_lib\rsspii_cbtc /I.\src\ci_comm_lib\redun_record_cbtc\dqu_rp_cbtc /I.\src\ci_comm_lib\rsr_record_cbtc\rsr_cbtc1\sig /I.\src\ci_comm_lib\sfp_record_cbtc1\dqu_sfp_cbtc /I.\src\ci_comm_lib\redun_record_cbtc\redun_cbtc /I.\src\ci_comm_lib\redun_record_cbtc\redun_record_config_cbtc /I.\src\ci_comm_lib\dqu_rsspii_cbtc /I.\src\ci_comm_lib\rssp_record_cbtc1\dqu_rssp_cbtc /I.\src\ci_comm_lib\rsr_record_cbtc\rsr_record_config_cbtc /I.\src\ci_comm_lib\rsr_record_cbtc\dqu_rsr_cbtc /I.\src\ci_comm_lib\rsr_record_cbtc\rsr_cbtc1\rssp /I.\src\ci_comm_lib\rsr_record_cbtc\rsr_cbtc1 /I.\src\pu_subci_ci\APP\Prtcl\debug_infor /I.\src\app_oc\2oo2 /I.\src\ci_comm_lib\dqu_fsfb_ci_ci2 /I.\src\ci_comm_lib\dqu_cbtc_common /I.\src\ci_comm_lib\dqu_dfs_common /I.\src\ci_comm_lib\dqu_emap_common /I.\src\app_oc\Main /I.\src\main\RecordClass /I.\src\app_oc\Relay /I.\src\ci_comm_lib\protocol_cbtc_cpk_sc /I.\src\ci_comm_lib\fsfb_cbtc_ci_ci2 /I.\src\main\2oo2 /I.\src\PU13_integration_config /I.\src\ci_comm_lib\rssp_record_cbtc1\rssp_cbtc1 /I.\src\ci_comm_lib\sfp_record_cbtc1\sfp_record_config_cbtc /I.\src\ci_comm_lib\dqu_protocol_cbtc_cpk_sc /I.\src\ci_comm_lib\sfp_record_cbtc1\sfp_cbtc /I.\src\ci_comm_lib\commoncode_vxworks\commoncode_config_vxworks /I.\src\main /I.\src\ci_comm_lib\commoncode_vxworks\commoncode_cbtc\common /I".\src\ci_comm_lib\rssp_record_cbtc1\dqu_rssp_cbtc;.\src\ci_comm_lib\rssp_record_cbtc1\rssp_cbtc1;.\src\ci_comm_lib\rssp_record_cbtc1\rssp_record_config_cbtc;.\src\ci_comm_lib\rssp2_record_config_cbtc;.\src\ci_comm_lib\rsspii_cbtc;.\src\ci_comm_lib\sfp_record_cbtc1\dqu_sfp_cbtc;.\src\ci_comm_lib\sfp_record_cbtc1\sfp_record_config_cbtc" /I".\src\ci_comm_lib\dqu_rsspii_cbtc;.\src\ci_comm_lib\fsfb_cbtc_ci_ci2;.\src\ci_comm_lib\protocol_cbtc_cpk_sc;.\src\ci_comm_lib\redun_record_cbtc\dqu_rp_cbtc;.\src\ci_comm_lib\redun_record_cbtc\redun_cbtc;.\src\ci_comm_lib\redun_record_cbtc\redun_record_config_cbtc;.\src\ci_comm_lib\rsr_record_cbtc\dqu_rsr_cbtc;.\src\ci_comm_lib\rsr_record_cbtc\rsr_cbtc1;.\src\ci_comm_lib\rsr_record_cbtc\rsr_record_config_cbtc" /I".\src\Prtcl\rsr_record_cbtc\rsr_record_config_cbtc;.\src\ci_comm_lib\rsspii_cbtc;.\src\ci_comm_lib\dqu_dfs_common;.\src\ci_comm_lib\dqu_cbtc_common;.\src\ci_comm_lib\dqu_emap_common;.\src\ci_comm_lib\dqu_fsfb_ci_ci2;.\src\ci_comm_lib\dqu_protocol_cbtc_cpk_sc" /I".\src\ci_comm_lib\rsr_record_cbtc\rsr_cbtc1\rssp;.\src\ci_comm_lib\rsr_record_cbtc\rsr_cbtc1\sig;.\src\ci_comm_lib\rsr_record_cbtc\rsr_cbtc1\sig;.\src\app_subci_ci\ciapp\Relay;.\src\main\RecordClass;.\src\app_subci_ci\ciapp\System;.\src\app_subci_ci\ciapp\Main;.\src\app_subci_ci\ciapp\2oo" /Zi /nologo /W3 /WX- /MP /Od /Oy- /GL /D WIN32 /D NDEBUG /D _WINDOWS /D _UNICODE /D UNICODE /Gm- /EHsc /MT /GS /Gy /fp:precise /Zc:wchar_t /Zc:forScope /Fo"Release\\" /Fd"Release\vc100.pdb" /Gd /TP /analyze- /errorReport:prompt src\main\ccov\ccov.cpp src\main\ccov\Ccov_RsspII.cpp src\main\ccov\Ccov_RSSPII_Parser.cpp src\main\ccov\Ccov_TcpSer.cpp CiMain.cpp src\main\CiSimulation.cpp src\main\ini\ReadCcovConfigInfo.cpp src\main\DeviceInfoManager\readxmltodata.cpp src\main\RecordClass\RecordClass.cpp src\main\ccov\TcpConnection_Ser.cpp src\main\DeviceInfoManager\tinyxml\tinystr.cpp src\main\DeviceInfoManager\tinyxml\tinyxml.cpp src\main\DeviceInfoManager\tinyxml\tinyxmlerror.cpp src\main\DeviceInfoManager\tinyxml\tinyxmlparser.cpp
         ccov.cpp
         Ccov_RsspII.cpp
         Ccov_RSSPII_Parser.cpp
         Ccov_TcpSer.cpp
         CiMain.cpp
         CiSimulation.cpp
         ReadCcovConfigInfo.cpp
         readxmltodata.cpp
         RecordClass.cpp
         TcpConnection_Ser.cpp
         tinystr.cpp
         tinyxml.cpp
         tinyxmlerror.cpp
         tinyxmlparser.cpp
     1>src\main\DeviceInfoManager\readxmltodata.cpp(141): warning C4996: 'sscanf': This function or variable may be unsafe. Consider using sscanf_s instead. To disable deprecation, use _CRT_SECURE_NO_WARNINGS. See online help for details.
                 C:\Program Files (x86)\Microsoft Visual Studio 10.0\VC\include\stdio.h(325) : 参见“sscanf”的声明
     1>src\main\DeviceInfoManager\readxmltodata.cpp(149): warning C4996: 'sscanf': This function or variable may be unsafe. Consider using sscanf_s instead. To disable deprecation, use _CRT_SECURE_NO_WARNINGS. See online help for details.
                 C:\Program Files (x86)\Microsoft Visual Studio 10.0\VC\include\stdio.h(325) : 参见“sscanf”的声明
     1>src\main\DeviceInfoManager\readxmltodata.cpp(318): warning C4996: 'fopen': This function or variable may be unsafe. Consider using fopen_s instead. To disable deprecation, use _CRT_SECURE_NO_WARNINGS. See online help for details.
                 C:\Program Files (x86)\Microsoft Visual Studio 10.0\VC\include\stdio.h(234) : 参见“fopen”的声明
     1>src\main\DeviceInfoManager\readxmltodata.cpp(592): warning C4996: 'sscanf': This function or variable may be unsafe. Consider using sscanf_s instead. To disable deprecation, use _CRT_SECURE_NO_WARNINGS. See online help for details.
                 C:\Program Files (x86)\Microsoft Visual Studio 10.0\VC\include\stdio.h(325) : 参见“sscanf”的声明
     1>src\main\DeviceInfoManager\readxmltodata.cpp(601): warning C4996: 'sscanf': This function or variable may be unsafe. Consider using sscanf_s instead. To disable deprecation, use _CRT_SECURE_NO_WARNINGS. See online help for details.
                 C:\Program Files (x86)\Microsoft Visual Studio 10.0\VC\include\stdio.h(325) : 参见“sscanf”的声明
     1>src\main\DeviceInfoManager\readxmltodata.cpp(722): warning C4996: 'fopen': This function or variable may be unsafe. Consider using fopen_s instead. To disable deprecation, use _CRT_SECURE_NO_WARNINGS. See online help for details.
                 C:\Program Files (x86)\Microsoft Visual Studio 10.0\VC\include\stdio.h(234) : 参见“fopen”的声明
     1>src\main\DeviceInfoManager\readxmltodata.cpp(884): warning C4996: 'sscanf': This function or variable may be unsafe. Consider using sscanf_s instead. To disable deprecation, use _CRT_SECURE_NO_WARNINGS. See online help for details.
                 C:\Program Files (x86)\Microsoft Visual Studio 10.0\VC\include\stdio.h(325) : 参见“sscanf”的声明
     1>src\main\DeviceInfoManager\readxmltodata.cpp(889): warning C4996: 'sscanf': This function or variable may be unsafe. Consider using sscanf_s instead. To disable deprecation, use _CRT_SECURE_NO_WARNINGS. See online help for details.
                 C:\Program Files (x86)\Microsoft Visual Studio 10.0\VC\include\stdio.h(325) : 参见“sscanf”的声明
     1>src\main\ini\ReadCcovConfigInfo.cpp(16): warning C4996: 'strcpy': This function or variable may be unsafe. Consider using strcpy_s instead. To disable deprecation, use _CRT_SECURE_NO_WARNINGS. See online help for details.
                 C:\Program Files (x86)\Microsoft Visual Studio 10.0\VC\include\string.h(105) : 参见“strcpy”的声明
     1>src\main\ini\ReadCcovConfigInfo.cpp(18): warning C4996: 'sprintf': This function or variable may be unsafe. Consider using sprintf_s instead. To disable deprecation, use _CRT_SECURE_NO_WARNINGS. See online help for details.
                 C:\Program Files (x86)\Microsoft Visual Studio 10.0\VC\include\stdio.h(371) : 参见“sprintf”的声明
     1>src\main\ini\ReadCcovConfigInfo.cpp(22): warning C4996: 'sprintf': This function or variable may be unsafe. Consider using sprintf_s instead. To disable deprecation, use _CRT_SECURE_NO_WARNINGS. See online help for details.
                 C:\Program Files (x86)\Microsoft Visual Studio 10.0\VC\include\stdio.h(371) : 参见“sprintf”的声明
     1>src\main\ini\ReadCcovConfigInfo.cpp(11): warning C4101: “strLeaf”: 未引用的局部变量
     1>src\main\ini\ReadCcovConfigInfo.cpp(12): warning C4101: “tmpBuff”: 未引用的局部变量
     1>src\main\ini\ReadCcovConfigInfo.cpp(37): warning C4996: 'sprintf': This function or variable may be unsafe. Consider using sprintf_s instead. To disable deprecation, use _CRT_SECURE_NO_WARNINGS. See online help for details.
                 C:\Program Files (x86)\Microsoft Visual Studio 10.0\VC\include\stdio.h(371) : 参见“sprintf”的声明
     1>src\main\ini\ReadCcovConfigInfo.cpp(41): warning C4996: 'strcpy': This function or variable may be unsafe. Consider using strcpy_s instead. To disable deprecation, use _CRT_SECURE_NO_WARNINGS. See online help for details.
                 C:\Program Files (x86)\Microsoft Visual Studio 10.0\VC\include\string.h(105) : 参见“strcpy”的声明
     1>src\main\ini\ReadCcovConfigInfo.cpp(43): warning C4996: 'sprintf': This function or variable may be unsafe. Consider using sprintf_s instead. To disable deprecation, use _CRT_SECURE_NO_WARNINGS. See online help for details.
                 C:\Program Files (x86)\Microsoft Visual Studio 10.0\VC\include\stdio.h(371) : 参见“sprintf”的声明
     1>src\main\RecordClass\RecordClass.cpp(29): warning C4996: 'sprintf': This function or variable may be unsafe. Consider using sprintf_s instead. To disable deprecation, use _CRT_SECURE_NO_WARNINGS. See online help for details.
                 C:\Program Files (x86)\Microsoft Visual Studio 10.0\VC\include\stdio.h(371) : 参见“sprintf”的声明
     1>src\main\RecordClass\RecordClass.cpp(33): warning C4996: 'sprintf': This function or variable may be unsafe. Consider using sprintf_s instead. To disable deprecation, use _CRT_SECURE_NO_WARNINGS. See online help for details.
                 C:\Program Files (x86)\Microsoft Visual Studio 10.0\VC\include\stdio.h(371) : 参见“sprintf”的声明
     1>src\main\RecordClass\RecordClass.cpp(113): warning C4996: 'vsprintf': This function or variable may be unsafe. Consider using vsprintf_s instead. To disable deprecation, use _CRT_SECURE_NO_WARNINGS. See online help for details.
                 C:\Program Files (x86)\Microsoft Visual Studio 10.0\VC\include\stdio.h(371) : 参见“vsprintf”的声明
     1>src\main\RecordClass\RecordClass.cpp(158): warning C4996: 'sprintf': This function or variable may be unsafe. Consider using sprintf_s instead. To disable deprecation, use _CRT_SECURE_NO_WARNINGS. See online help for details.
                 C:\Program Files (x86)\Microsoft Visual Studio 10.0\VC\include\stdio.h(371) : 参见“sprintf”的声明
     1>src\main\RecordClass\RecordClass.cpp(159): warning C4996: 'fopen': This function or variable may be unsafe. Consider using fopen_s instead. To disable deprecation, use _CRT_SECURE_NO_WARNINGS. See online help for details.
                 C:\Program Files (x86)\Microsoft Visual Studio 10.0\VC\include\stdio.h(234) : 参见“fopen”的声明
     1>C:\Users\58877\Desktop\PSC\test\src\app_oc\ScadeCode\kcg_consts.h(17): warning C4005: “ELEC_UNLOCK”: 宏重定义
                 c:\users\58877\desktop\psc\test\src\app_oc\common\MacDefine.h(282) : 参见“ELEC_UNLOCK”的前一个定义
     1>C:\Users\58877\Desktop\PSC\test\src\app_oc\ScadeCode\kcg_consts.h(62): warning C4005: “SIGNAL_YELLOW”: 宏重定义
                 c:\users\58877\desktop\psc\test\src\app_oc\common\MacDefine.h(320) : 参见“SIGNAL_YELLOW”的前一个定义
     1>C:\Users\58877\Desktop\PSC\test\src\app_oc\ScadeCode\kcg_consts.h(65): warning C4005: “SIGNAL_GREEN”: 宏重定义
                 c:\users\58877\desktop\psc\test\src\app_oc\common\MacDefine.h(321) : 参见“SIGNAL_GREEN”的前一个定义
     1>C:\Users\58877\Desktop\PSC\test\src\app_oc\ScadeCode\kcg_consts.h(161): warning C4005: “LOCK_SIDE”: 宏重定义
                 c:\users\58877\desktop\psc\test\src\app_oc\common\MacDefine.h(324) : 参见“LOCK_SIDE”的前一个定义
     1>C:\Users\58877\Desktop\PSC\test\src\app_oc\ScadeCode\kcg_consts.h(164): warning C4005: “LOCK_MAIN”: 宏重定义
                 c:\users\58877\desktop\psc\test\src\app_oc\common\MacDefine.h(323) : 参见“LOCK_MAIN”的前一个定义
     1>C:\Users\58877\Desktop\PSC\test\src\app_oc\ScadeCode\kcg_consts.h(200): warning C4005: “REGION_BLOCK_RELIEVE”: 宏重定义
                 c:\users\58877\desktop\psc\test\src\app_oc\common\MacDefine.h(286) : 参见“REGION_BLOCK_RELIEVE”的前一个定义
     1>C:\Users\58877\Desktop\PSC\test\src\app_oc\ScadeCode\kcg_consts.h(203): warning C4005: “REGION_BLOCK_SET”: 宏重定义
                 c:\users\58877\desktop\psc\test\src\app_oc\common\MacDefine.h(285) : 参见“REGION_BLOCK_SET”的前一个定义
     1>C:\Users\58877\Desktop\PSC\test\src\app_oc\ScadeCode\kcg_consts.h(215): warning C4005: “SIGNAL_RED”: 宏重定义
                 c:\users\58877\desktop\psc\test\src\app_oc\common\MacDefine.h(319) : 参见“SIGNAL_RED”的前一个定义
     1>C:\Users\58877\Desktop\PSC\test\src\app_oc\ScadeCode\kcg_consts.h(230): warning C4005: “ELEC_LOCK”: 宏重定义
                 c:\users\58877\desktop\psc\test\src\app_oc\common\MacDefine.h(283) : 参见“ELEC_LOCK”的前一个定义
     1>CiMain.cpp(110): warning C4244: “参数”: 从“double”转换到“int”，可能丢失数据
     1>C:\Users\58877\Desktop\PSC\test\src\ci_comm_lib\dqu_fsfb_ci_ci2\dsuFsfbFunc.h(23): warning C4005: “DSU_PROTCL_SFP”: 宏重定义
                 C:\Users\58877\Desktop\PSC\test\src\ci_comm_lib\dqu_protocol_cbtc_cpk_sc\dsuProtclFun.h(22) : 参见“DSU_PROTCL_SFP”的前一个定义
     1>C:\Users\58877\Desktop\PSC\test\src\ci_comm_lib\dqu_fsfb_ci_ci2\dsuFsfbFunc.h(24): warning C4005: “DSU_PROTCL_RP”: 宏重定义
                 C:\Users\58877\Desktop\PSC\test\src\ci_comm_lib\dqu_protocol_cbtc_cpk_sc\dsuProtclFun.h(23) : 参见“DSU_PROTCL_RP”的前一个定义
     1>C:\Users\58877\Desktop\PSC\test\src\ci_comm_lib\dqu_fsfb_ci_ci2\dsuFsfbFunc.h(25): warning C4005: “DSU_PROTCL_RSR”: 宏重定义
                 C:\Users\58877\Desktop\PSC\test\src\ci_comm_lib\dqu_protocol_cbtc_cpk_sc\dsuProtclFun.h(24) : 参见“DSU_PROTCL_RSR”的前一个定义
     1>C:\Users\58877\Desktop\PSC\test\src\ci_comm_lib\dqu_fsfb_ci_ci2\dsuFsfbFunc.h(26): warning C4005: “DSU_PROTCL_RSSP”: 宏重定义
                 C:\Users\58877\Desktop\PSC\test\src\ci_comm_lib\dqu_protocol_cbtc_cpk_sc\dsuProtclFun.h(25) : 参见“DSU_PROTCL_RSSP”的前一个定义
     1>src\main\CiSimulation.cpp(307): warning C4996: 'strcpy': This function or variable may be unsafe. Consider using strcpy_s instead. To disable deprecation, use _CRT_SECURE_NO_WARNINGS. See online help for details.
                 C:\Program Files (x86)\Microsoft Visual Studio 10.0\VC\include\string.h(105) : 参见“strcpy”的声明
     1>src\main\CiSimulation.cpp(308): warning C4996: 'strcat': This function or variable may be unsafe. Consider using strcat_s instead. To disable deprecation, use _CRT_SECURE_NO_WARNINGS. See online help for details.
                 C:\Program Files (x86)\Microsoft Visual Studio 10.0\VC\include\string.h(110) : 参见“strcat”的声明
     1>src\main\CiSimulation.cpp(308): warning C4996: 'itoa': The POSIX name for this item is deprecated. Instead, use the ISO C++ conformant name: _itoa. See online help for details.
                 C:\Program Files (x86)\Microsoft Visual Studio 10.0\VC\include\stdlib.h(867) : 参见“itoa”的声明
     1>src\main\CiSimulation.cpp(317): warning C4996: 'strcpy': This function or variable may be unsafe. Consider using strcpy_s instead. To disable deprecation, use _CRT_SECURE_NO_WARNINGS. See online help for details.
                 C:\Program Files (x86)\Microsoft Visual Studio 10.0\VC\include\string.h(105) : 参见“strcpy”的声明
     1>src\main\CiSimulation.cpp(318): warning C4996: 'strcat': This function or variable may be unsafe. Consider using strcat_s instead. To disable deprecation, use _CRT_SECURE_NO_WARNINGS. See online help for details.
                 C:\Program Files (x86)\Microsoft Visual Studio 10.0\VC\include\string.h(110) : 参见“strcat”的声明
     1>src\main\CiSimulation.cpp(327): warning C4996: 'strcpy': This function or variable may be unsafe. Consider using strcpy_s instead. To disable deprecation, use _CRT_SECURE_NO_WARNINGS. See online help for details.
                 C:\Program Files (x86)\Microsoft Visual Studio 10.0\VC\include\string.h(105) : 参见“strcpy”的声明
     1>src\main\CiSimulation.cpp(328): warning C4996: 'strcat': This function or variable may be unsafe. Consider using strcat_s instead. To disable deprecation, use _CRT_SECURE_NO_WARNINGS. See online help for details.
                 C:\Program Files (x86)\Microsoft Visual Studio 10.0\VC\include\string.h(110) : 参见“strcat”的声明
     1>src\main\CiSimulation.cpp(337): warning C4996: 'strcpy': This function or variable may be unsafe. Consider using strcpy_s instead. To disable deprecation, use _CRT_SECURE_NO_WARNINGS. See online help for details.
                 C:\Program Files (x86)\Microsoft Visual Studio 10.0\VC\include\string.h(105) : 参见“strcpy”的声明
     1>src\main\CiSimulation.cpp(338): warning C4996: 'strcat': This function or variable may be unsafe. Consider using strcat_s instead. To disable deprecation, use _CRT_SECURE_NO_WARNINGS. See online help for details.
                 C:\Program Files (x86)\Microsoft Visual Studio 10.0\VC\include\string.h(110) : 参见“strcat”的声明
     1>src\main\CiSimulation.cpp(347): warning C4996: 'strcpy': This function or variable may be unsafe. Consider using strcpy_s instead. To disable deprecation, use _CRT_SECURE_NO_WARNINGS. See online help for details.
                 C:\Program Files (x86)\Microsoft Visual Studio 10.0\VC\include\string.h(105) : 参见“strcpy”的声明
     1>src\main\CiSimulation.cpp(348): warning C4996: 'strcat': This function or variable may be unsafe. Consider using strcat_s instead. To disable deprecation, use _CRT_SECURE_NO_WARNINGS. See online help for details.
                 C:\Program Files (x86)\Microsoft Visual Studio 10.0\VC\include\string.h(110) : 参见“strcat”的声明
     1>src\main\CiSimulation.cpp(357): warning C4996: 'strcpy': This function or variable may be unsafe. Consider using strcpy_s instead. To disable deprecation, use _CRT_SECURE_NO_WARNINGS. See online help for details.
                 C:\Program Files (x86)\Microsoft Visual Studio 10.0\VC\include\string.h(105) : 参见“strcpy”的声明
     1>src\main\CiSimulation.cpp(358): warning C4996: 'strcat': This function or variable may be unsafe. Consider using strcat_s instead. To disable deprecation, use _CRT_SECURE_NO_WARNINGS. See online help for details.
                 C:\Program Files (x86)\Microsoft Visual Studio 10.0\VC\include\string.h(110) : 参见“strcat”的声明
     1>src\main\CiSimulation.cpp(367): warning C4996: 'strcpy': This function or variable may be unsafe. Consider using strcpy_s instead. To disable deprecation, use _CRT_SECURE_NO_WARNINGS. See online help for details.
                 C:\Program Files (x86)\Microsoft Visual Studio 10.0\VC\include\string.h(105) : 参见“strcpy”的声明
     1>src\main\CiSimulation.cpp(368): warning C4996: 'strcat': This function or variable may be unsafe. Consider using strcat_s instead. To disable deprecation, use _CRT_SECURE_NO_WARNINGS. See online help for details.
                 C:\Program Files (x86)\Microsoft Visual Studio 10.0\VC\include\string.h(110) : 参见“strcat”的声明
     1>src\main\CiSimulation.cpp(377): warning C4996: 'strcpy': This function or variable may be unsafe. Consider using strcpy_s instead. To disable deprecation, use _CRT_SECURE_NO_WARNINGS. See online help for details.
                 C:\Program Files (x86)\Microsoft Visual Studio 10.0\VC\include\string.h(105) : 参见“strcpy”的声明
     1>src\main\CiSimulation.cpp(378): warning C4996: 'strcat': This function or variable may be unsafe. Consider using strcat_s instead. To disable deprecation, use _CRT_SECURE_NO_WARNINGS. See online help for details.
                 C:\Program Files (x86)\Microsoft Visual Studio 10.0\VC\include\string.h(110) : 参见“strcat”的声明
     1>src\main\CiSimulation.cpp(387): warning C4996: 'strcpy': This function or variable may be unsafe. Consider using strcpy_s instead. To disable deprecation, use _CRT_SECURE_NO_WARNINGS. See online help for details.
                 C:\Program Files (x86)\Microsoft Visual Studio 10.0\VC\include\string.h(105) : 参见“strcpy”的声明
     1>src\main\CiSimulation.cpp(388): warning C4996: 'strcat': This function or variable may be unsafe. Consider using strcat_s instead. To disable deprecation, use _CRT_SECURE_NO_WARNINGS. See online help for details.
                 C:\Program Files (x86)\Microsoft Visual Studio 10.0\VC\include\string.h(110) : 参见“strcat”的声明
     1>src\main\CiSimulation.cpp(396): warning C4996: 'strcpy': This function or variable may be unsafe. Consider using strcpy_s instead. To disable deprecation, use _CRT_SECURE_NO_WARNINGS. See online help for details.
                 C:\Program Files (x86)\Microsoft Visual Studio 10.0\VC\include\string.h(105) : 参见“strcpy”的声明
     1>src\main\CiSimulation.cpp(397): warning C4996: 'strcat': This function or variable may be unsafe. Consider using strcat_s instead. To disable deprecation, use _CRT_SECURE_NO_WARNINGS. See online help for details.
                 C:\Program Files (x86)\Microsoft Visual Studio 10.0\VC\include\string.h(110) : 参见“strcat”的声明
     1>src\main\CiSimulation.cpp(405): warning C4996: 'strcpy': This function or variable may be unsafe. Consider using strcpy_s instead. To disable deprecation, use _CRT_SECURE_NO_WARNINGS. See online help for details.
                 C:\Program Files (x86)\Microsoft Visual Studio 10.0\VC\include\string.h(105) : 参见“strcpy”的声明
     1>src\main\CiSimulation.cpp(406): warning C4996: 'strcat': This function or variable may be unsafe. Consider using strcat_s instead. To disable deprecation, use _CRT_SECURE_NO_WARNINGS. See online help for details.
                 C:\Program Files (x86)\Microsoft Visual Studio 10.0\VC\include\string.h(110) : 参见“strcat”的声明
     1>src\main\CiSimulation.cpp(415): warning C4996: 'strcpy': This function or variable may be unsafe. Consider using strcpy_s instead. To disable deprecation, use _CRT_SECURE_NO_WARNINGS. See online help for details.
                 C:\Program Files (x86)\Microsoft Visual Studio 10.0\VC\include\string.h(105) : 参见“strcpy”的声明
     1>src\main\CiSimulation.cpp(416): warning C4996: 'strcat': This function or variable may be unsafe. Consider using strcat_s instead. To disable deprecation, use _CRT_SECURE_NO_WARNINGS. See online help for details.
                 C:\Program Files (x86)\Microsoft Visual Studio 10.0\VC\include\string.h(110) : 参见“strcat”的声明
     1>src\main\CiSimulation.cpp(424): warning C4996: 'strcpy': This function or variable may be unsafe. Consider using strcpy_s instead. To disable deprecation, use _CRT_SECURE_NO_WARNINGS. See online help for details.
                 C:\Program Files (x86)\Microsoft Visual Studio 10.0\VC\include\string.h(105) : 参见“strcpy”的声明
     1>src\main\CiSimulation.cpp(425): warning C4996: 'strcat': This function or variable may be unsafe. Consider using strcat_s instead. To disable deprecation, use _CRT_SECURE_NO_WARNINGS. See online help for details.
                 C:\Program Files (x86)\Microsoft Visual Studio 10.0\VC\include\string.h(110) : 参见“strcat”的声明
     1>src\main\CiSimulation.cpp(433): warning C4996: 'strcpy': This function or variable may be unsafe. Consider using strcpy_s instead. To disable deprecation, use _CRT_SECURE_NO_WARNINGS. See online help for details.
                 C:\Program Files (x86)\Microsoft Visual Studio 10.0\VC\include\string.h(105) : 参见“strcpy”的声明
     1>src\main\CiSimulation.cpp(434): warning C4996: 'strcat': This function or variable may be unsafe. Consider using strcat_s instead. To disable deprecation, use _CRT_SECURE_NO_WARNINGS. See online help for details.
                 C:\Program Files (x86)\Microsoft Visual Studio 10.0\VC\include\string.h(110) : 参见“strcat”的声明
     1>src\main\CiSimulation.cpp(735): warning C4101: “tempIp”: 未引用的局部变量
     1>src\main\CiSimulation.cpp(1110): warning C4996: 'fopen': This function or variable may be unsafe. Consider using fopen_s instead. To disable deprecation, use _CRT_SECURE_NO_WARNINGS. See online help for details.
                 C:\Program Files (x86)\Microsoft Visual Studio 10.0\VC\include\stdio.h(234) : 参见“fopen”的声明
     1>src\main\CiSimulation.cpp(1396): warning C4309: “参数”: 截断常量值
     1>src\main\CiSimulation.cpp(1399): warning C4309: “参数”: 截断常量值
     1>src\main\CiSimulation.cpp(1710): warning C4309: “参数”: 截断常量值
     1>src\main\CiSimulation.cpp(1738): warning C4333: “>>”: 右移位数过大，数据将丢失
     1>src\main\CiSimulation.cpp(1738): warning C4333: “>>”: 右移位数过大，数据将丢失
     1>src\main\CiSimulation.cpp(1738): warning C4333: “>>”: 右移位数过大，数据将丢失
     1>src\main\CiSimulation.cpp(1796): warning C4018: “<”: 有符号/无符号不匹配
     1>src\main\CiSimulation.cpp(2455): warning C4996: 'sprintf': This function or variable may be unsafe. Consider using sprintf_s instead. To disable deprecation, use _CRT_SECURE_NO_WARNINGS. See online help for details.
                 C:\Program Files (x86)\Microsoft Visual Studio 10.0\VC\include\stdio.h(371) : 参见“sprintf”的声明
     1>src\main\CiSimulation.cpp(2478): warning C4996: 'vsprintf': This function or variable may be unsafe. Consider using vsprintf_s instead. To disable deprecation, use _CRT_SECURE_NO_WARNINGS. See online help for details.
                 C:\Program Files (x86)\Microsoft Visual Studio 10.0\VC\include\stdio.h(371) : 参见“vsprintf”的声明
     1>src\main\CiSimulation.cpp(2626): warning C4996: 'sprintf': This function or variable may be unsafe. Consider using sprintf_s instead. To disable deprecation, use _CRT_SECURE_NO_WARNINGS. See online help for details.
                 C:\Program Files (x86)\Microsoft Visual Studio 10.0\VC\include\stdio.h(371) : 参见“sprintf”的声明
       Link:
         C:\Program Files (x86)\Microsoft Visual Studio 10.0\VC\bin\link.exe /ERRORREPORT:PROMPT /OUT:"C:\Users\58877\Desktop\PSC\test\Release\OCSimulation.exe" /INCREMENTAL:NO /NOLOGO kernel32.lib user32.lib gdi32.lib winspool.lib comdlg32.lib advapi32.lib shell32.lib ole32.lib oleaut32.lib uuid.lib odbc32.lib odbccp32.lib /MANIFEST /ManifestFile:"Release\OCSimulation.exe.intermediate.manifest" /MANIFESTUAC:"level='asInvoker' uiAccess='false'" /DEBUG /PDB:"C:\Users\58877\Desktop\PSC\test\Release\OCSimulation.pdb" /SUBSYSTEM:WINDOWS /OPT:REF /OPT:ICF /LTCG /TLBID:1 /DYNAMICBASE /NXCOMPAT /IMPLIB:"C:\Users\58877\Desktop\PSC\test\Release\OCSimulation.lib" /MACHINE:X86 Release\MultSwitchConfigDataManage.obj
         Release\MultSwitchDataManage.obj
         Release\2oo2DataTransferManage.obj
         Release\2oo2InterfaceDataManage.obj
         Release\PointCommandManage.obj
         Release\GLOBALVAR.obj
         Release\DataConfigure.obj
         Release\DeviceConfigDataManage.obj
         Release\DeviceDataManage.obj
         Release\ErrorDataManage.obj
         Release\ESBConfigDataManage.obj
         Release\ESBDataManage.obj
         Release\HLHTCommonDataPacketHead.obj
         Release\HLHTHeadContexManage.obj
         Release\IndicatorConfigDataManage.obj
         Release\IndicatorDataManage.obj
         Release\ConfigDataReadManage.obj
         Release\InitialProcess.obj
         Release\MainApp.obj
         Release\OCmain.obj
         Release\MultSwitchConfigDataManage.obj
         Release\MultSwitchDataManage.obj
         Release\ParsePackAtsData.obj
         Release\ParsePackIoData.obj
         Release\ParsePackLeuData.obj
         Release\ParsePackManage.obj
         Release\ParsePackPlatformData.obj
         Release\ParsePackTmcData.obj
         Release\ParsePackVobcData.obj
         Release\PSDConfigDataManage.obj
         Release\PSDDataManage.obj
         Release\commonQueryStruDef.obj
         Release\dquCIInit.obj
         Release\dquCIInterFace.obj
         Release\dquCIJDQStruFrmChar.obj
         Release\dquCIJDQStruInit.obj
         Release\dquCILSStruFrmChar.obj
         Release\dquCILSStruInit.obj
         Release\dquCIPZStruFrmChar.obj
         Release\dquCIReadCommonChar.obj
         Release\RelayConfigDataManage.obj
         Release\RelayDataManage.obj
         Release\AddLockManage_each_SwitchManage_AddLockManage.obj
         Release\AddLock_MultSwitch_C1_MultSwitchManage.obj
         Release\AddLock_MultSwitch_C2_MultSwitchManage.obj
         Release\AddLock_MultSwitch_C3_MultSwitchManage.obj
         Release\AddLock_MultSwitch_MultSwitchManage.obj
         Release\ATSDeleteLock_SwitchManage_ATSDeleteLockManage.obj
         Release\ATSLockCmdProc_SwitchManage_AddLockManage.obj
         Release\ATSLockCmdValidityManage_each_Lock_SwitchCommandInvalidManage.obj
         Release\ATSLockDeleteManage_each_SwitchManage_ATSDeleteLockManage.obj
         Release\CmdValidityManage_Lock_SwitchCommandInvalidManage.obj
         Release\DATrainCmdProc_each_TrainManage.obj
         Release\DATrainCmdProc_TrainManage.obj
         Release\DeleteLock_MultSwitch_C1_MultSwitchManage.obj
         Release\DeleteLock_MultSwitch_C2_MultSwitchManage.obj
         Release\DeleteLock_MultSwitch_C3_MultSwitchManage.obj
         Release\DeleteLock_MultSwitch_MultSwitchManage.obj
         Release\FindHoldTrain_HoldTrainManage.obj
         Release\FindInsertIndexByFlag_TrainManage.obj
         Release\FindInsertIndexPhySecBlock_PhySecBlockManage.obj
         Release\FindSignalSource_SignalCtrl.obj
         Release\FindSwitchByATSLockDelCmd_SwitchManage_ATSDeleteLockManage.obj
         Release\FindULockFlagFalse_C_MultSwitchManage.obj
         Release\FindULockFlagFalse_MultSwitchManage.obj
         Release\GetInsertLocation_HoldTrainManage.obj
         Release\GetSwitchMoveState_SwitchManage_MoveStateManage.obj
         Release\HCOCLockCmdProc_SwitchManage_AddLockManage.obj
         Release\HCOCLockCmdValidityManage_each_Lock_SwitchCommandInvalidManage.obj
         Release\HoldTrainManage_each_HoldTrainManage.obj
         Release\HoldTrainManage_HoldTrainManage.obj
         Release\JumpTrainManage_each_JumpTrainManage.obj
         Release\JumpTrainManage_JumpTrainManage.obj
         Release\kcg_consts.obj
         Release\kcg_types.obj
         Release\LockCmdIsValidByATS_Lock_SwitchCommandInvalidManage.obj
         Release\LockCmdIsValidBySwitch_Lock_SwitchCommandInvalidManage.obj
         Release\PhySecBlockManage_each1_PhySecBlockManage.obj
         Release\PhySecBlockManage_each2_PhySecBlockManage.obj
         Release\PhySecBlockManage_PhySecBlockManage.obj
         Release\PowerLockDelManage_PowerLockDeleteManage.obj
         Release\RegionBlockManage_RegionBlockManage.obj
         Release\ScadeOCPeriodMain.obj
         Release\SignalCtrl_SignalCtrl.obj
         Release\ManualCode.obj
         Release\SwitchAddorDelLock_SwitchManage.obj
         Release\SwitchCmdValidityManage_each_Lock_SwitchCommandInvalidManage.obj
         Release\SwitchManage_each_SwitchManage.obj
         Release\SwitchManage_SwitchManage.obj
         Release\SwitchNeedMove_SwitchManage_MoveStateManage.obj
         Release\SwitchNeedReset_each_SwitchManage.obj
         Release\TrainInfoValidManage_TrainManage.obj
         Release\TrainIsLCT.obj
         Release\TrainIsVT.obj
         Release\TrainManage_TrainManage.obj
         Release\TSRManage_each_TSRManage.obj
         Release\TSRManage_TSRManage.obj
         Release\VOBCorTMCLockCmdProc_SwitchManage_AddLockManage.obj
         Release\VOBCorTMCLockCmdValidityManage_each_Lock_SwitchCommandInvalidManage.obj
         Release\AxisSectionConfigDataManage.obj
         Release\AxisSectionDataManage.obj
         Release\LogicSectionConfigDataManage.obj
         Release\LogicSectionDataManage.obj
         Release\PhysicalSectionConfigDataManage.obj
         Release\PhysicalSectionDataManage.obj
         Release\SignalConfigDataManage.obj
         Release\SignalDataManage.obj
         Release\SpksConfigDataManage.obj
         Release\SpksDataManage.obj
         Release\SwitchConfigDataManage.obj
         Release\SwitchDataManage.obj
         Release\SystemParameterManage.obj
         Release\TransmitStateDataManage.obj
         Release\CbtcVersion.obj
         Release\commonVersion.obj
         Release\dsuRedunFunc.obj
         Release\dsuRsspFunc.obj
         Release\RedunInterface.obj
         Release\RsspCommonWl.obj
         Release\RsspInitWl.obj
         Release\RsspLnkNodeMgrWl.obj
         Release\RsspOutputWl.obj
         Release\RsspReciveWl.obj
         Release\RsspTmpMsgLnkCommonWl.obj
         Release\RsspWl.obj
         Release\dquCbtcType.obj
         Release\dquIdmapInit.obj
         Release\dquIdmapQuery.obj
         Release\dsuIdmapVar.obj
         Release\CM_Base.obj
         Release\CM_RingQueue.obj
         Release\PrtclBaseParse.obj
         Release\PrtclParseManage.obj
         Release\ccov.obj
         Release\Ccov_RsspII.obj
         Release\Ccov_RSSPII_Parser.obj
         Release\Ccov_TcpSer.obj
         Release\CiMain.obj
         Release\CiSimulation.obj
         Release\CommonBit.obj
         Release\CommonCRC.obj
         Release\CommonMemory.obj
         Release\CommonQueue.obj
         Release\CommonRecord.obj
         Release\CommonStack.obj
         Release\Convert.obj
         Release\crc.obj
         Release\CRC16.obj
         Release\CRC32.obj
         Release\DataPackage.obj
         Release\des.obj
         Release\dfsDataRead.obj
         Release\dquCbtcConfigData.obj
         Release\dquCbtcType.obj
         Release\dquEmapInit.obj
         Release\dquQuery.obj
         Release\dquQueryExp.obj
         Release\dquStructInit.obj
         Release\dsuFsfbFunc.obj
         Release\dsuProtclFun.obj
         Release\dsuRelatedDeal.obj
         Release\dsuRpFunc.obj
         Release\dsuRsrFunc.obj
         Release\dsuRssp2Func.obj
         Release\dsuVar.obj
         Release\FFFE.obj
         Release\FsfbLnkNodeMgr.obj
         Release\FsfbMessageInfo.obj
         Release\FsfbProtcl.obj
         Release\FsfbProtclCommon.obj
         Release\protclInterFun.obj
         Release\ProtclManage.obj
         Release\ReadCcovConfigInfo.obj
         Release\readxmltodata.obj
         Release\RecordClass.obj
         Release\RpHandleInterface.obj
         Release\RpInterface.obj
         Release\Rsr.obj
         Release\RsrCommon.obj
         Release\Rssp2.obj
         Release\Rssp2Common.obj
         Release\Rssp2LnkNodeMgr.obj
         Release\RsspCommon.obj
         Release\RsspInit.obj
         Release\RsspLnkNodeMgr.obj
         Release\RsspOutput.obj
         Release\RsspRecive.obj
         Release\RsspTmpMsgLnkCommon.obj
         Release\sfpLinkManage.obj
         Release\sfpPrtcl_Output.obj
         Release\sfpPrtclCommon.obj
         Release\sfpPrtclInit.obj
         Release\sfpPrtclReceive.obj
         Release\sfpWindowsTimeCounter.obj
         Release\sigInterface.obj
         Release\simulation2oo2.obj
         Release\TcpConnection_Ser.obj
         Release\tinystr.obj
         Release\tinyxml.obj
         Release\tinyxmlerror.obj
         Release\tinyxmlparser.obj
         Release\Translate0203.obj
         Release\VobcNetPack.obj
         Release\vxworks_debug_assistant.obj
     1>Release\MultSwitchConfigDataManage.obj : warning LNK4042: 对象被多次指定；已忽略多余的指定
     1>Release\MultSwitchDataManage.obj : warning LNK4042: 对象被多次指定；已忽略多余的指定
     1>Release\dquCbtcType.obj : warning LNK4042: 对象被多次指定；已忽略多余的指定
         正在生成代码
     1>c:\users\58877\desktop\psc\test\src\app_oc\parsepack\parsepackiodata.c(456): warning C4715: “PackOcToWsData”: 不是所有的控件路径都返回值
         已完成代码的生成
         OCSimulation.vcxproj -> C:\Users\58877\Desktop\PSC\test\Release\OCSimulation.exe
       Manifest:
         C:\Program Files (x86)\Microsoft SDKs\Windows\v7.0A\bin\mt.exe /nologo /verbose /outputresource:"C:\Users\58877\Desktop\PSC\test\Release\OCSimulation.exe;#1" /manifest Release\OCSimulation.exe.intermediate.manifest
       FinalizeBuildStatus:
         正在删除文件“Release\OCSimulation.unsuccessfulbuild”。
         正在对“Release\OCSimulation.lastbuildstate”执行 Touch 任务。
     1>已完成生成项目“C:\Users\58877\Desktop\PSC\test\OCSimulation.vcxproj”(rebuild 个目标)的操作。

生成成功。

已用时间 00:00:10.08
